<?xml version="1.0" encoding="UTF-8"?>
<!-- Generated by org.testng.reporters.JUnitXMLReporter -->
<testsuite ignored="0" hostname="JCI-MH68" failures="0" tests="6" name="Surefire test" time="48.409" errors="0" timestamp="2023-06-26T10:21:21 IST">
  <testcase classname="com.csm.qa.test.HomePageTest" name="clickOnCMSModule" time="1.347"/>
  <testcase classname="com.csm.qa.test.HomePageTest" name="clickonIDC" time="2.738"/>
  <testcase classname="com.csm.qa.test.LoginPageTest" name="LoginWithValidCredentials" time="10.813"/>
  <testcase classname="com.csm.qa.test.LoginPageTest" name="Test4" time="0.039"/>
  <testcase classname="com.csm.qa.test.LoginPageTest" name="Test5" time="8.694"/>
  <testcase classname="com.csm.qa.test.LoginPageTest" name="Test6" time="8.302"/>
</testsuite> <!-- Surefire test -->
