<?xml version="1.0" encoding="UTF-8"?>
<!-- Generated by org.testng.reporters.JUnitXMLReporter -->
<testsuite ignored="0" hostname="JCI-MH68" failures="0" tests="4" name="Surefire test" time="27.793" errors="0" timestamp="2023-06-23T14:58:34 IST">
  <testcase classname="com.csm.qa.test.HomePageTest" name="clickOnCMSModule" time="1.363"/>
  <testcase classname="com.csm.qa.test.HomePageTest" name="clickonIDC" time="3.532"/>
  <testcase classname="com.csm.qa.test.LoginPageTest" name="LoginWithValidCredentials" time="8.742"/>
  <testcase classname="com.csm.qa.test.LoginPageTest" name="Test2" time="0.088"/>
</testsuite> <!-- Surefire test -->
