<?xml version="1.0" encoding="UTF-8"?>
<!-- Generated by org.testng.reporters.JUnitXMLReporter -->
<testsuite ignored="0" hostname="JCI-MH68" failures="0" tests="4" name="Default test" time="28.142" errors="0" timestamp="2023-06-23T14:57:05 IST">
  <testcase classname="com.csm.qa.test.LoginPageTest" name="LoginWithValidCredentials" time="11.262"/>
  <testcase classname="com.csm.qa.test.LoginPageTest" name="Test2" time="0.048"/>
  <testcase classname="com.csm.qa.test.HomePageTest" name="clickOnCMSModule" time="1.363"/>
  <testcase classname="com.csm.qa.test.HomePageTest" name="clickonIDC" time="2.96"/>
</testsuite> <!-- Default test -->
