<?xml version="1.0" encoding="UTF-8"?>
<!-- Generated by org.testng.reporters.JUnitXMLReporter -->
<testsuite ignored="0" hostname="JCI-MH68" failures="0" tests="4" name="Default test" time="28.449" errors="0" timestamp="2023-06-23T15:33:23 IST">
  <testcase classname="com.csm.qa.test.LoginPageTest" name="LoginWithValidCredentials" time="10.414"/>
  <testcase classname="com.csm.qa.test.LoginPageTest" name="Test2" time="0.051"/>
  <testcase classname="com.csm.qa.test.HomePageTest" name="clickOnCMSModule" time="1.392"/>
  <testcase classname="com.csm.qa.test.HomePageTest" name="clickonIDC" time="3.537"/>
</testsuite> <!-- Default test -->
