<?xml version="1.0" encoding="UTF-8"?>
<testsuite xmlns:xsi="http://www.w3.org/2001/XMLSchema-instance" xsi:schemaLocation="https://maven.apache.org/surefire/maven-surefire-plugin/xsd/surefire-test-report.xsd" name="TestSuite" time="44.923" tests="6" errors="0" skipped="0" failures="1">
  <properties>
[...]
</properties>
  <testcase name="clickOnCMSModule" classname="com.csm.qa.test.HomePageTest" time="1.354"/>
  <testcase name="clickonIDC" classname="com.csm.qa.test.HomePageTest" time="2.711"/>
  <testcase name="LoginWithValidCredentials" classname="com.csm.qa.test.LoginPageTest" time="8.758"/>
  <testcase name="Test4" classname="com.csm.qa.test.LoginPageTest" time="0.067"/>
  <testcase name="Test5" classname="com.csm.qa.test.LoginPageTest" time="8.475">
    <failure message="Invalid Credentials expected [ome Page] but found [Home Page]" type="java.lang.AssertionError">java.lang.AssertionError: Invalid Credentials expected [ome Page] but found [Home Page]
	at com.csm.qa.test.LoginPageTest.Test5(LoginPageTest.java:141)
</failure>
    <system-err><![CDATA[[main] INFO io.github.bonigarcia.wdm.WebDriverManager - Using chromedriver 114.0.5735.90 (resolved driver for Chrome 114)
[main] INFO io.github.bonigarcia.wdm.WebDriverManager - Exporting webdriver.chrome.driver as C:\Users\106-3249\.cache\selenium\chromedriver\win32\114.0.5735.90\chromedriver.exe
Starting ChromeDriver 114.0.5735.90 (386bc09e8f4f2e025eddae123f36f6263096ae49-refs/branch-heads/5735@{#1052}) on port 8094
Only local connections are allowed.
Please see https://chromedriver.chromium.org/security-considerations for suggestions on keeping ChromeDriver safe.
ChromeDriver was started successfully.
Jun 26, 2023 10:40:50 AM org.openqa.selenium.devtools.CdpVersionFinder findNearestMatch
WARNING: Unable to find an exact match for CDP version 114, so returning the closest version found: 110
]]></system-err>
  </testcase>
  <testcase name="Test6" classname="com.csm.qa.test.LoginPageTest" time="7.486"/>
</testsuite>