<?xml version="1.0" encoding="UTF-8"?>
<testng-results ignored="0" total="4" passed="4" failed="0" skipped="0">
  <reporter-output>
    <line>
      <![CDATA[************************************[ Test 1--> 'Importing new record' ]************************************ ]]>
    </line>
    <line>
      <![CDATA[******[ Test 1--> 'Importing new record' ]****** ]]>
    </line>
    <line>
      <![CDATA[[Test 1 steps 'STARTS'] ]]>
    </line>
    <line>
      <![CDATA[[Test 1 steps 'STARTS'] ]]>
    </line>
    <line>
      <![CDATA[01.Clicked on '.csv' radio button]]>
    </line>
    <line>
      <![CDATA[01.Clicked on '.csv' radio button]]>
    </line>
    <line>
      <![CDATA[02.Clicked 'type' dropdown]]>
    </line>
    <line>
      <![CDATA[02.Clicked 'type' dropdown]]>
    </line>
    <line>
      <![CDATA[03.Selected 'type' as 'PO' ]]>
    </line>
    <line>
      <![CDATA[03.Selected 'type' as 'PO' ]]>
    </line>
    <line>
      <![CDATA[04.Clicked on 'Select Import File' button]]>
    </line>
    <line>
      <![CDATA[04.Clicked on 'Select Import File' button]]>
    </line>
    <line>
      <![CDATA[05.Choosing excel file(having records) from System Directory to perform Import functionility]]>
    </line>
    <line>
      <![CDATA[05.Choosing excel file(having records) from System Directory to perform Import functionility]]>
    </line>
    <line>
      <![CDATA[06.Clicked on 'Upload' button]]>
    </line>
    <line>
      <![CDATA[06.Clicked on 'Upload' button]]>
    </line>
    <line>
      <![CDATA[07.Clicked on 'Import file' button once file uploaded successfully]]>
    </line>
    <line>
      <![CDATA[07.Clicked on 'Import file' button once file uploaded successfully]]>
    </line>
    <line>
      <![CDATA[[Test 1 steps 'ENDS'] ]]>
    </line>
    <line>
      <![CDATA[[Test 1 steps 'ENDS'] ]]>
    </line>
    <line>
      <![CDATA[************************************[ Test 1--> 'Importing new record' is ''PASSED'' ]************************************ ]]>
    </line>
    <line>
      <![CDATA[******[ Test 1--> 'Importing new record' is ''PASSED'' ]****** ]]>
    </line>
    <line>
      <![CDATA[ ]]>
    </line>
    <line>
      <![CDATA[ ]]>
    </line>
    <line>
      <![CDATA[************************************[ Test 41--> 'To verify IMPORTED record(contains Special Symbols as 'PO No') is displaying in DM screen or not!' ]************************************ ]]>
    </line>
    <line>
      <![CDATA[******[ Test 41--> 'To verify IMPORTED record(contains Special Symbols as 'PO No') is displaying in DM screen or not!' ]****** ]]>
    </line>
    <line>
      <![CDATA[[Test 41 steps 'STARTS'] ]]>
    </line>
    <line>
      <![CDATA[[Test 41 steps 'STARTS'] ]]>
    </line>
    <line>
      <![CDATA[01.Clicked on 'Select Import File' button]]>
    </line>
    <line>
      <![CDATA[01.Clicked on 'Select Import File' button]]>
    </line>
    <line>
      <![CDATA[05.Choosing excel file(having records) from System Directory to perform Import functionility]]>
    </line>
    <line>
      <![CDATA[05.Choosing excel file(having records) from System Directory to perform Import functionility]]>
    </line>
    <line>
      <![CDATA[06.Clicked on 'Upload' button]]>
    </line>
    <line>
      <![CDATA[06.Clicked on 'Upload' button]]>
    </line>
    <line>
      <![CDATA[04.Clicked on 'Import file' button once file uploaded successfully]]>
    </line>
    <line>
      <![CDATA[04.Clicked on 'Import file' button once file uploaded successfully]]>
    </line>
    <line>
      <![CDATA[05.Clicked on 'Import file' button once file uploaded successfully]]>
    </line>
    <line>
      <![CDATA[05.Clicked on 'Import file' button once file uploaded successfully]]>
    </line>
    <line>
      <![CDATA[06.Clicked on DATA MAINTAINCE menu(arrow)]]>
    </line>
    <line>
      <![CDATA[06.Clicked on DATA MAINTAINCE menu(arrow)]]>
    </line>
    <line>
      <![CDATA[07.Clicked of 'Receiving Data' under Data Maintainance]]>
    </line>
    <line>
      <![CDATA[07.Clicked of 'Receiving Data' under Data Maintainance]]>
    </line>
    <line>
      <![CDATA[08.Clicked on 'PO' Screen]]>
    </line>
    <line>
      <![CDATA[08.Clicked on 'PO' Screen]]>
    </line>
    <line>
      <![CDATA[09.Clicked inside 'PO No' field ]]>
    </line>
    <line>
      <![CDATA[09.Clicked inside 'PO No' field ]]>
    </line>
    <line>
      <![CDATA[10.Clicked on 'Go' button]]>
    </line>
    <line>
      <![CDATA[10.Clicked on 'Go' button]]>
    </line>
    <line>
      <![CDATA[[Test 41 steps 'ENDS'] ]]>
    </line>
    <line>
      <![CDATA[[Test 41 steps 'ENDS'] ]]>
    </line>
    <line>
      <![CDATA[************************************[ Test 41--> 'To verify IMPORTED record(contains Special Symbols as 'PO No') is displaying in DM screen or not!' is ''PASSED'' ]************************************ ]]>
    </line>
    <line>
      <![CDATA[******[ Test 41--> 'To verify IMPORTED record(contains Special Symbols as 'PO No') is displaying in DM screen or not!' is ''PASSED'' ]****** ]]>
    </line>
    <line>
      <![CDATA[ ]]>
    </line>
    <line>
      <![CDATA[ ]]>
    </line>
    <line>
      <![CDATA[************************************[ Test 42--> 'To verify IMPORTED record is displaying in DM screen or not! for 'PO Qty' data' ]************************************ ]]>
    </line>
    <line>
      <![CDATA[******[ Test 42--> 'To verify IMPORTED record is displaying in DM screen or not! for 'PO Qty' data' ]****** ]]>
    </line>
    <line>
      <![CDATA[[Test 42 steps 'STARTS'] ]]>
    </line>
    <line>
      <![CDATA[[Test 42 steps 'STARTS'] ]]>
    </line>
    <line>
      <![CDATA[01.Clicked on 'Select Import File' button]]>
    </line>
    <line>
      <![CDATA[01.Clicked on 'Select Import File' button]]>
    </line>
    <line>
      <![CDATA[05.Choosing excel file(having records) from System Directory to perform Import functionility]]>
    </line>
    <line>
      <![CDATA[05.Choosing excel file(having records) from System Directory to perform Import functionility]]>
    </line>
    <line>
      <![CDATA[06.Clicked on 'Upload' button]]>
    </line>
    <line>
      <![CDATA[06.Clicked on 'Upload' button]]>
    </line>
    <line>
      <![CDATA[04.Clicked on 'Import file' button once file uploaded successfully]]>
    </line>
    <line>
      <![CDATA[04.Clicked on 'Import file' button once file uploaded successfully]]>
    </line>
    <line>
      <![CDATA[09.Clicked inside 'PO No' field]]>
    </line>
    <line>
      <![CDATA[09.Clicked inside 'PO No' field]]>
    </line>
    <line>
      <![CDATA[10.Clicked on 'Go' button]]>
    </line>
    <line>
      <![CDATA[10.Clicked on 'Go' button]]>
    </line>
    <line>
      <![CDATA[[Test 42 steps 'ENDS'] ]]>
    </line>
    <line>
      <![CDATA[[Test 42 steps 'ENDS'] ]]>
    </line>
    <line>
      <![CDATA[************************************[ Test 42--> 'To verify IMPORTED record is displaying in DM screen or not! for 'PO Qty' data' is ''PASSED'' ]************************************ ]]>
    </line>
    <line>
      <![CDATA[******[ Test 42--> 'To verify IMPORTED record is displaying in DM screen or not! for 'PO Qty' data' is ''PASSED'' ]****** ]]>
    </line>
    <line>
      <![CDATA[ ]]>
    </line>
    <line>
      <![CDATA[ ]]>
    </line>
    <line>
      <![CDATA[************************************[ Test 43--> 'To verify Store Location is displaying or not(as we Seted initially' data' ]************************************ ]]>
    </line>
    <line>
      <![CDATA[******[ Test 43--> 'To verify Store Location is displaying or not(as we Seted initially' ]****** ]]>
    </line>
    <line>
      <![CDATA[[Test 43 steps 'STARTS'] ]]>
    </line>
    <line>
      <![CDATA[[Test 43 steps 'STARTS'] ]]>
    </line>
    <line>
      <![CDATA[[Test 43 steps 'ENDS'] ]]>
    </line>
    <line>
      <![CDATA[[Test 43 steps 'ENDS'] ]]>
    </line>
    <line>
      <![CDATA[************************************[ Test 43--> 'To verify Store Location is displaying or not(as we Seted initially' is ''PASSED'' ]************************************ ]]>
    </line>
    <line>
      <![CDATA[******[ Test 43--> 'To verify Store Location is displaying or not(as we Seted initially' is ''PASSED'' ]****** ]]>
    </line>
    <line>
      <![CDATA[ ]]>
    </line>
    <line>
      <![CDATA[ ]]>
    </line>
  </reporter-output>
  <suite started-at="2023-07-06T15:48:56 IST" name="Surefire suite" finished-at="2023-07-06T15:50:49 IST" duration-ms="113401">
    <groups>
    </groups>
    <test started-at="2023-07-06T15:48:56 IST" name="Surefire test" finished-at="2023-07-06T15:50:49 IST" duration-ms="113401">
      <class name="com.csm.qa.test2.LoginPageTest">
        <test-method is-config="true" signature="startReport()[pri:0, instance:com.csm.qa.test2.LoginPageTest@143640d5]" started-at="2023-07-06T15:48:56 IST" name="startReport" finished-at="2023-07-06T15:48:56 IST" duration-ms="6" status="PASS">
          <reporter-output>
          </reporter-output>
        </test-method> <!-- startReport -->
        <test-method signature="Test1()[pri:1, instance:com.csm.qa.test2.LoginPageTest@143640d5]" started-at="2023-07-06T15:48:56 IST" name="Test1" finished-at="2023-07-06T15:49:33 IST" duration-ms="36966" status="PASS">
          <reporter-output>
            <line>
              <![CDATA[************************************[ Test 1--> 'Importing new record' ]************************************ ]]>
            </line>
            <line>
              <![CDATA[******[ Test 1--> 'Importing new record' ]****** ]]>
            </line>
            <line>
              <![CDATA[[Test 1 steps 'STARTS'] ]]>
            </line>
            <line>
              <![CDATA[[Test 1 steps 'STARTS'] ]]>
            </line>
            <line>
              <![CDATA[01.Clicked on '.csv' radio button]]>
            </line>
            <line>
              <![CDATA[01.Clicked on '.csv' radio button]]>
            </line>
            <line>
              <![CDATA[02.Clicked 'type' dropdown]]>
            </line>
            <line>
              <![CDATA[02.Clicked 'type' dropdown]]>
            </line>
            <line>
              <![CDATA[03.Selected 'type' as 'PO' ]]>
            </line>
            <line>
              <![CDATA[03.Selected 'type' as 'PO' ]]>
            </line>
            <line>
              <![CDATA[04.Clicked on 'Select Import File' button]]>
            </line>
            <line>
              <![CDATA[04.Clicked on 'Select Import File' button]]>
            </line>
            <line>
              <![CDATA[05.Choosing excel file(having records) from System Directory to perform Import functionility]]>
            </line>
            <line>
              <![CDATA[05.Choosing excel file(having records) from System Directory to perform Import functionility]]>
            </line>
            <line>
              <![CDATA[06.Clicked on 'Upload' button]]>
            </line>
            <line>
              <![CDATA[06.Clicked on 'Upload' button]]>
            </line>
            <line>
              <![CDATA[07.Clicked on 'Import file' button once file uploaded successfully]]>
            </line>
            <line>
              <![CDATA[07.Clicked on 'Import file' button once file uploaded successfully]]>
            </line>
            <line>
              <![CDATA[[Test 1 steps 'ENDS'] ]]>
            </line>
            <line>
              <![CDATA[[Test 1 steps 'ENDS'] ]]>
            </line>
            <line>
              <![CDATA[************************************[ Test 1--> 'Importing new record' is ''PASSED'' ]************************************ ]]>
            </line>
            <line>
              <![CDATA[******[ Test 1--> 'Importing new record' is ''PASSED'' ]****** ]]>
            </line>
            <line>
              <![CDATA[ ]]>
            </line>
            <line>
              <![CDATA[ ]]>
            </line>
          </reporter-output>
        </test-method> <!-- Test1 -->
        <test-method is-config="true" signature="getResult(org.testng.ITestResult)[pri:0, instance:com.csm.qa.test2.LoginPageTest@143640d5]" started-at="2023-07-06T15:49:33 IST" name="getResult" finished-at="2023-07-06T15:49:33 IST" duration-ms="5" status="PASS">
          <params>
            <param index="0">
              <value>
                <![CDATA[[TestResult name=Test1 status=SUCCESS method=LoginPageTest.Test1()[pri:1, instance:com.csm.qa.test2.LoginPageTest@143640d5] output=************************************[ Test 1--> 'Importing new record' ]************************************ ]]]>
              </value>
            </param>
          </params>
          <reporter-output>
          </reporter-output>
        </test-method> <!-- getResult -->
        <test-method signature="Test41()[pri:41, instance:com.csm.qa.test2.LoginPageTest@143640d5]" started-at="2023-07-06T15:49:33 IST" name="Test41" finished-at="2023-07-06T15:50:09 IST" duration-ms="36535" status="PASS">
          <reporter-output>
            <line>
              <![CDATA[************************************[ Test 41--> 'To verify IMPORTED record(contains Special Symbols as 'PO No') is displaying in DM screen or not!' ]************************************ ]]>
            </line>
            <line>
              <![CDATA[******[ Test 41--> 'To verify IMPORTED record(contains Special Symbols as 'PO No') is displaying in DM screen or not!' ]****** ]]>
            </line>
            <line>
              <![CDATA[[Test 41 steps 'STARTS'] ]]>
            </line>
            <line>
              <![CDATA[[Test 41 steps 'STARTS'] ]]>
            </line>
            <line>
              <![CDATA[01.Clicked on 'Select Import File' button]]>
            </line>
            <line>
              <![CDATA[01.Clicked on 'Select Import File' button]]>
            </line>
            <line>
              <![CDATA[05.Choosing excel file(having records) from System Directory to perform Import functionility]]>
            </line>
            <line>
              <![CDATA[05.Choosing excel file(having records) from System Directory to perform Import functionility]]>
            </line>
            <line>
              <![CDATA[06.Clicked on 'Upload' button]]>
            </line>
            <line>
              <![CDATA[06.Clicked on 'Upload' button]]>
            </line>
            <line>
              <![CDATA[04.Clicked on 'Import file' button once file uploaded successfully]]>
            </line>
            <line>
              <![CDATA[04.Clicked on 'Import file' button once file uploaded successfully]]>
            </line>
            <line>
              <![CDATA[05.Clicked on 'Import file' button once file uploaded successfully]]>
            </line>
            <line>
              <![CDATA[05.Clicked on 'Import file' button once file uploaded successfully]]>
            </line>
            <line>
              <![CDATA[06.Clicked on DATA MAINTAINCE menu(arrow)]]>
            </line>
            <line>
              <![CDATA[06.Clicked on DATA MAINTAINCE menu(arrow)]]>
            </line>
            <line>
              <![CDATA[07.Clicked of 'Receiving Data' under Data Maintainance]]>
            </line>
            <line>
              <![CDATA[07.Clicked of 'Receiving Data' under Data Maintainance]]>
            </line>
            <line>
              <![CDATA[08.Clicked on 'PO' Screen]]>
            </line>
            <line>
              <![CDATA[08.Clicked on 'PO' Screen]]>
            </line>
            <line>
              <![CDATA[09.Clicked inside 'PO No' field ]]>
            </line>
            <line>
              <![CDATA[09.Clicked inside 'PO No' field ]]>
            </line>
            <line>
              <![CDATA[10.Clicked on 'Go' button]]>
            </line>
            <line>
              <![CDATA[10.Clicked on 'Go' button]]>
            </line>
            <line>
              <![CDATA[[Test 41 steps 'ENDS'] ]]>
            </line>
            <line>
              <![CDATA[[Test 41 steps 'ENDS'] ]]>
            </line>
            <line>
              <![CDATA[************************************[ Test 41--> 'To verify IMPORTED record(contains Special Symbols as 'PO No') is displaying in DM screen or not!' is ''PASSED'' ]************************************ ]]>
            </line>
            <line>
              <![CDATA[******[ Test 41--> 'To verify IMPORTED record(contains Special Symbols as 'PO No') is displaying in DM screen or not!' is ''PASSED'' ]****** ]]>
            </line>
            <line>
              <![CDATA[ ]]>
            </line>
            <line>
              <![CDATA[ ]]>
            </line>
          </reporter-output>
        </test-method> <!-- Test41 -->
        <test-method is-config="true" signature="getResult(org.testng.ITestResult)[pri:0, instance:com.csm.qa.test2.LoginPageTest@143640d5]" started-at="2023-07-06T15:50:09 IST" name="getResult" finished-at="2023-07-06T15:50:09 IST" duration-ms="0" status="PASS">
          <params>
            <param index="0">
              <value>
                <![CDATA[[TestResult name=Test41 status=SUCCESS method=LoginPageTest.Test41()[pri:41, instance:com.csm.qa.test2.LoginPageTest@143640d5] output=************************************[ Test 41--> 'To verify IMPORTED record(contains Special Symbols as 'PO No') is displaying in DM screen or not!' ]************************************ ]]]>
              </value>
            </param>
          </params>
          <reporter-output>
          </reporter-output>
        </test-method> <!-- getResult -->
        <test-method signature="Test42()[pri:42, instance:com.csm.qa.test2.LoginPageTest@143640d5]" started-at="2023-07-06T15:50:09 IST" name="Test42" finished-at="2023-07-06T15:50:39 IST" duration-ms="29994" status="PASS">
          <reporter-output>
            <line>
              <![CDATA[************************************[ Test 42--> 'To verify IMPORTED record is displaying in DM screen or not! for 'PO Qty' data' ]************************************ ]]>
            </line>
            <line>
              <![CDATA[******[ Test 42--> 'To verify IMPORTED record is displaying in DM screen or not! for 'PO Qty' data' ]****** ]]>
            </line>
            <line>
              <![CDATA[[Test 42 steps 'STARTS'] ]]>
            </line>
            <line>
              <![CDATA[[Test 42 steps 'STARTS'] ]]>
            </line>
            <line>
              <![CDATA[01.Clicked on 'Select Import File' button]]>
            </line>
            <line>
              <![CDATA[01.Clicked on 'Select Import File' button]]>
            </line>
            <line>
              <![CDATA[05.Choosing excel file(having records) from System Directory to perform Import functionility]]>
            </line>
            <line>
              <![CDATA[05.Choosing excel file(having records) from System Directory to perform Import functionility]]>
            </line>
            <line>
              <![CDATA[06.Clicked on 'Upload' button]]>
            </line>
            <line>
              <![CDATA[06.Clicked on 'Upload' button]]>
            </line>
            <line>
              <![CDATA[04.Clicked on 'Import file' button once file uploaded successfully]]>
            </line>
            <line>
              <![CDATA[04.Clicked on 'Import file' button once file uploaded successfully]]>
            </line>
            <line>
              <![CDATA[09.Clicked inside 'PO No' field]]>
            </line>
            <line>
              <![CDATA[09.Clicked inside 'PO No' field]]>
            </line>
            <line>
              <![CDATA[10.Clicked on 'Go' button]]>
            </line>
            <line>
              <![CDATA[10.Clicked on 'Go' button]]>
            </line>
            <line>
              <![CDATA[[Test 42 steps 'ENDS'] ]]>
            </line>
            <line>
              <![CDATA[[Test 42 steps 'ENDS'] ]]>
            </line>
            <line>
              <![CDATA[************************************[ Test 42--> 'To verify IMPORTED record is displaying in DM screen or not! for 'PO Qty' data' is ''PASSED'' ]************************************ ]]>
            </line>
            <line>
              <![CDATA[******[ Test 42--> 'To verify IMPORTED record is displaying in DM screen or not! for 'PO Qty' data' is ''PASSED'' ]****** ]]>
            </line>
            <line>
              <![CDATA[ ]]>
            </line>
            <line>
              <![CDATA[ ]]>
            </line>
          </reporter-output>
        </test-method> <!-- Test42 -->
        <test-method is-config="true" signature="getResult(org.testng.ITestResult)[pri:0, instance:com.csm.qa.test2.LoginPageTest@143640d5]" started-at="2023-07-06T15:50:39 IST" name="getResult" finished-at="2023-07-06T15:50:39 IST" duration-ms="1" status="PASS">
          <params>
            <param index="0">
              <value>
                <![CDATA[[TestResult name=Test42 status=SUCCESS method=LoginPageTest.Test42()[pri:42, instance:com.csm.qa.test2.LoginPageTest@143640d5] output=************************************[ Test 42--> 'To verify IMPORTED record is displaying in DM screen or not! for 'PO Qty' data' ]************************************ ]]]>
              </value>
            </param>
          </params>
          <reporter-output>
          </reporter-output>
        </test-method> <!-- getResult -->
        <test-method signature="Test43()[pri:43, instance:com.csm.qa.test2.LoginPageTest@143640d5]" started-at="2023-07-06T15:50:39 IST" name="Test43" finished-at="2023-07-06T15:50:49 IST" duration-ms="9475" status="PASS">
          <reporter-output>
            <line>
              <![CDATA[************************************[ Test 43--> 'To verify Store Location is displaying or not(as we Seted initially' data' ]************************************ ]]>
            </line>
            <line>
              <![CDATA[******[ Test 43--> 'To verify Store Location is displaying or not(as we Seted initially' ]****** ]]>
            </line>
            <line>
              <![CDATA[[Test 43 steps 'STARTS'] ]]>
            </line>
            <line>
              <![CDATA[[Test 43 steps 'STARTS'] ]]>
            </line>
            <line>
              <![CDATA[[Test 43 steps 'ENDS'] ]]>
            </line>
            <line>
              <![CDATA[[Test 43 steps 'ENDS'] ]]>
            </line>
            <line>
              <![CDATA[************************************[ Test 43--> 'To verify Store Location is displaying or not(as we Seted initially' is ''PASSED'' ]************************************ ]]>
            </line>
            <line>
              <![CDATA[******[ Test 43--> 'To verify Store Location is displaying or not(as we Seted initially' is ''PASSED'' ]****** ]]>
            </line>
            <line>
              <![CDATA[ ]]>
            </line>
            <line>
              <![CDATA[ ]]>
            </line>
          </reporter-output>
        </test-method> <!-- Test43 -->
        <test-method is-config="true" signature="getResult(org.testng.ITestResult)[pri:0, instance:com.csm.qa.test2.LoginPageTest@143640d5]" started-at="2023-07-06T15:50:49 IST" name="getResult" finished-at="2023-07-06T15:50:49 IST" duration-ms="0" status="PASS">
          <params>
            <param index="0">
              <value>
                <![CDATA[[TestResult name=Test43 status=SUCCESS method=LoginPageTest.Test43()[pri:43, instance:com.csm.qa.test2.LoginPageTest@143640d5] output=************************************[ Test 43--> 'To verify Store Location is displaying or not(as we Seted initially' data' ]************************************ ]]]>
              </value>
            </param>
          </params>
          <reporter-output>
          </reporter-output>
        </test-method> <!-- getResult -->
        <test-method is-config="true" signature="endReport()[pri:0, instance:com.csm.qa.test2.LoginPageTest@143640d5]" started-at="2023-07-06T15:50:49 IST" name="endReport" finished-at="2023-07-06T15:50:49 IST" duration-ms="52" status="PASS">
          <reporter-output>
          </reporter-output>
        </test-method> <!-- endReport -->
      </class> <!-- com.csm.qa.test2.LoginPageTest -->
      <class name="com.csm.qa.test.LoginPageTest">
        <test-method is-config="true" signature="startReport()[pri:0, instance:com.csm.qa.test.LoginPageTest@4b168fa9]" started-at="2023-07-06T15:48:56 IST" name="startReport" finished-at="2023-07-06T15:48:56 IST" duration-ms="166" status="PASS">
          <reporter-output>
          </reporter-output>
        </test-method> <!-- startReport -->
        <test-method is-config="true" signature="endReport()[pri:0, instance:com.csm.qa.test.LoginPageTest@4b168fa9]" started-at="2023-07-06T15:50:49 IST" name="endReport" finished-at="2023-07-06T15:50:49 IST" duration-ms="169" status="PASS">
          <reporter-output>
          </reporter-output>
        </test-method> <!-- endReport -->
      </class> <!-- com.csm.qa.test.LoginPageTest -->
    </test> <!-- Surefire test -->
  </suite> <!-- Surefire suite -->
</testng-results>
