<?xml version="1.0" encoding="UTF-8"?>
<testng-results ignored="0" total="43" passed="43" failed="0" skipped="0">
  <reporter-output>
    <line>
      <![CDATA[************************************[ Test 1--> 'Importing new record' ]************************************ ]]>
    </line>
    <line>
      <![CDATA[******[ Test 1--> 'Importing new record' ]****** ]]>
    </line>
    <line>
      <![CDATA[[Test 1 steps 'STARTS'] ]]>
    </line>
    <line>
      <![CDATA[[Test 1 steps 'STARTS'] ]]>
    </line>
    <line>
      <![CDATA[01.Clicked on '.csv' radio button]]>
    </line>
    <line>
      <![CDATA[01.Clicked on '.csv' radio button]]>
    </line>
    <line>
      <![CDATA[02.Clicked 'type' dropdown]]>
    </line>
    <line>
      <![CDATA[02.Clicked 'type' dropdown]]>
    </line>
    <line>
      <![CDATA[03.Selected 'type' as 'PO' ]]>
    </line>
    <line>
      <![CDATA[03.Selected 'type' as 'PO' ]]>
    </line>
    <line>
      <![CDATA[04.Clicked on 'Select Import File' button]]>
    </line>
    <line>
      <![CDATA[04.Clicked on 'Select Import File' button]]>
    </line>
    <line>
      <![CDATA[05.Choosing excel file(having records) from System Directory to perform Import functionility]]>
    </line>
    <line>
      <![CDATA[05.Choosing excel file(having records) from System Directory to perform Import functionility]]>
    </line>
    <line>
      <![CDATA[06.Clicked on 'Upload' button]]>
    </line>
    <line>
      <![CDATA[06.Clicked on 'Upload' button]]>
    </line>
    <line>
      <![CDATA[07.Clicked on 'Import file' button once file uploaded successfully]]>
    </line>
    <line>
      <![CDATA[07.Clicked on 'Import file' button once file uploaded successfully]]>
    </line>
    <line>
      <![CDATA[[Test 1 steps 'ENDS'] ]]>
    </line>
    <line>
      <![CDATA[[Test 1 steps 'ENDS'] ]]>
    </line>
    <line>
      <![CDATA[************************************[ Test 1--> 'Importing new record' is ''PASSED'' ]************************************ ]]>
    </line>
    <line>
      <![CDATA[******[ Test 1--> 'Importing new record' is ''PASSED'' ]****** ]]>
    </line>
    <line>
      <![CDATA[ ]]>
    </line>
    <line>
      <![CDATA[ ]]>
    </line>
    <line>
      <![CDATA[************************************[ Test 2--> 'Importing record as duplicate data' ]************************************ ]]>
    </line>
    <line>
      <![CDATA[******[ Test 2--> 'Importing record as duplicate data' ]****** ]]>
    </line>
    <line>
      <![CDATA[[Test 2 steps 'STARTS'] ]]>
    </line>
    <line>
      <![CDATA[[Test 2 steps 'STARTS'] ]]>
    </line>
    <line>
      <![CDATA[01.Clicked on 'Select Import File' button]]>
    </line>
    <line>
      <![CDATA[01.Clicked on 'Select Import File' button]]>
    </line>
    <line>
      <![CDATA[02.Choosing excel file(having records) from System Directory to perform Import functionility]]>
    </line>
    <line>
      <![CDATA[02.Choosing excel file(having records) from System Directory to perform Import functionility]]>
    </line>
    <line>
      <![CDATA[03.Clicked on 'Upload' button]]>
    </line>
    <line>
      <![CDATA[03.Clicked on 'Upload' button]]>
    </line>
    <line>
      <![CDATA[04.Clicked on 'Import file' button once file uploaded successfully]]>
    </line>
    <line>
      <![CDATA[04.Clicked on 'Import file' button once file uploaded successfully]]>
    </line>
    <line>
      <![CDATA[[Test 2 steps 'ENDS'] ]]>
    </line>
    <line>
      <![CDATA[[Test 2 steps 'ENDS'] ]]>
    </line>
    <line>
      <![CDATA[************************************[ Test 2--> 'Importing record as duplicate data' is ''PASSED'' ]************************************ ]]>
    </line>
    <line>
      <![CDATA[******[ Test 2--> 'Importing record as duplicate data' is ''PASSED'' ]****** ]]>
    </line>
    <line>
      <![CDATA[ ]]>
    </line>
    <line>
      <![CDATA[ ]]>
    </line>
    <line>
      <![CDATA[************************************[ Test 3--> 'Importing record as 'PO No' having MAX length' ]************************************ ]]>
    </line>
    <line>
      <![CDATA[******[ Test 3--> 'Importing record as 'PO No' having MAX length' ]****** ]]>
    </line>
    <line>
      <![CDATA[[Test 3 steps 'STARTS'] ]]>
    </line>
    <line>
      <![CDATA[[Test 3 steps 'STARTS'] ]]>
    </line>
    <line>
      <![CDATA[01.Clicked on 'Select Import File' button]]>
    </line>
    <line>
      <![CDATA[01.Clicked on 'Select Import File' button]]>
    </line>
    <line>
      <![CDATA[02.Choosing excel file(having records) from System Directory to perform Import functionility]]>
    </line>
    <line>
      <![CDATA[02.Choosing excel file(having records) from System Directory to perform Import functionility]]>
    </line>
    <line>
      <![CDATA[03.Clicked on 'Upload' button]]>
    </line>
    <line>
      <![CDATA[03.Clicked on 'Upload' button]]>
    </line>
    <line>
      <![CDATA[04.Clicked on 'Import file' button once file uploaded successfully]]>
    </line>
    <line>
      <![CDATA[04.Clicked on 'Import file' button once file uploaded successfully]]>
    </line>
    <line>
      <![CDATA[[Test 3 steps 'ENDS'] ]]>
    </line>
    <line>
      <![CDATA[[Test 3 steps 'ENDS'] ]]>
    </line>
    <line>
      <![CDATA[************************************[ Test 3--> 'Importing record as 'PO No' having MAX length' is ''PASSED'' ]************************************ ]]>
    </line>
    <line>
      <![CDATA[******[ Test 3--> 'Importing record as 'PO No' having MAX length' is ''PASSED'' ]****** ]]>
    </line>
    <line>
      <![CDATA[ ]]>
    </line>
    <line>
      <![CDATA[ ]]>
    </line>
    <line>
      <![CDATA[************************************[ Test 4--> 'Importing record as 'PO No' having Leading and Trailing space data' ]************************************ ]]>
    </line>
    <line>
      <![CDATA[******[ Test 4--> 'Importing record as 'PO No' having Leading and Trailing space data' ]****** ]]>
    </line>
    <line>
      <![CDATA[[Test 4 steps 'STARTS'] ]]>
    </line>
    <line>
      <![CDATA[[Test 4 steps 'STARTS'] ]]>
    </line>
    <line>
      <![CDATA[01.Clicked on 'Select Import File' button]]>
    </line>
    <line>
      <![CDATA[01.Clicked on 'Select Import File' button]]>
    </line>
    <line>
      <![CDATA[02.Choosing excel file(having records) from System Directory to perform Import functionility]]>
    </line>
    <line>
      <![CDATA[02.Choosing excel file(having records) from System Directory to perform Import functionility]]>
    </line>
    <line>
      <![CDATA[03.Clicked on 'Upload' button]]>
    </line>
    <line>
      <![CDATA[03.Clicked on 'Upload' button]]>
    </line>
    <line>
      <![CDATA[04.Clicked on 'Import file' button once file uploaded successfully]]>
    </line>
    <line>
      <![CDATA[04.Clicked on 'Import file' button once file uploaded successfully]]>
    </line>
    <line>
      <![CDATA[[Test 4 steps 'ENDS'] ]]>
    </line>
    <line>
      <![CDATA[[Test 4 steps 'ENDS'] ]]>
    </line>
    <line>
      <![CDATA[************************************[ Test 4--> 'Importing record as 'PO No' having Leading and Trailing space data' is ''PASSED'' ]************************************ ]]>
    </line>
    <line>
      <![CDATA[******[ Test 4--> 'Importing record as 'PO No' having Leading and Trailing space data' is ''PASSED'' ]****** ]]>
    </line>
    <line>
      <![CDATA[ ]]>
    </line>
    <line>
      <![CDATA[ ]]>
    </line>
    <line>
      <![CDATA[************************************[ Test 5--> 'Importing record as Non Exsisting 'Job Code Key' field' ]************************************ ]]>
    </line>
    <line>
      <![CDATA[******[ Test 5--> 'Importing record as Non Exsisting 'Job Code Key' field' ]****** ]]>
    </line>
    <line>
      <![CDATA[[Test 5 steps 'STARTS'] ]]>
    </line>
    <line>
      <![CDATA[[Test 5 steps 'STARTS'] ]]>
    </line>
    <line>
      <![CDATA[01.Clicked on 'Select Import File' button]]>
    </line>
    <line>
      <![CDATA[01.Clicked on 'Select Import File' button]]>
    </line>
    <line>
      <![CDATA[02.Choosing excel file(having records) from System Directory to perform Import functionility]]>
    </line>
    <line>
      <![CDATA[02.Choosing excel file(having records) from System Directory to perform Import functionility]]>
    </line>
    <line>
      <![CDATA[03.Clicked on 'Upload' button]]>
    </line>
    <line>
      <![CDATA[03.Clicked on 'Upload' button]]>
    </line>
    <line>
      <![CDATA[04.Clicked on 'Import file' button once file uploaded successfully]]>
    </line>
    <line>
      <![CDATA[04.Clicked on 'Import file' button once file uploaded successfully]]>
    </line>
    <line>
      <![CDATA[[Test 5 steps 'ENDS'] ]]>
    </line>
    <line>
      <![CDATA[[Test 5 steps 'ENDS'] ]]>
    </line>
    <line>
      <![CDATA[************************************[ Test 5--> 'Importing record as Non Exsisting 'Job Code Key' field' is ''PASSED'' ]************************************ ]]>
    </line>
    <line>
      <![CDATA[******[ Test 5--> 'Importing record as Non Exsisting 'Job Code Key' field' is ''PASSED'' ]****** ]]>
    </line>
    <line>
      <![CDATA[ ]]>
    </line>
    <line>
      <![CDATA[ ]]>
    </line>
    <line>
      <![CDATA[************************************[ Test 6--> 'Importing record as No data inside Excel file(No Rows exsists)' ]************************************ ]]>
    </line>
    <line>
      <![CDATA[******[ Test 6--> 'Importing record as No data inside Excel file(No Rows exsists)' ]****** ]]>
    </line>
    <line>
      <![CDATA[[Test 6 steps 'STARTS'] ]]>
    </line>
    <line>
      <![CDATA[[Test 6 steps 'STARTS'] ]]>
    </line>
    <line>
      <![CDATA[01.Clicked on 'Select Import File' button]]>
    </line>
    <line>
      <![CDATA[01.Clicked on 'Select Import File' button]]>
    </line>
    <line>
      <![CDATA[02.Choosing excel file(having records) from System Directory to perform Import functionility]]>
    </line>
    <line>
      <![CDATA[02.Choosing excel file(having records) from System Directory to perform Import functionility]]>
    </line>
    <line>
      <![CDATA[03.Clicked on 'Upload' button]]>
    </line>
    <line>
      <![CDATA[03.Clicked on 'Upload' button]]>
    </line>
    <line>
      <![CDATA[04.Clicked on 'Import file' button once file uploaded successfully]]>
    </line>
    <line>
      <![CDATA[04.Clicked on 'Import file' button once file uploaded successfully]]>
    </line>
    <line>
      <![CDATA[[Test 1 steps 'ENDS'] ]]>
    </line>
    <line>
      <![CDATA[[Test 1 steps 'ENDS'] ]]>
    </line>
    <line>
      <![CDATA[************************************[ Test 6--> 'Importing record as No data inside Excel file(No Rows exsists)' is ''PASSED'' ]************************************ ]]>
    </line>
    <line>
      <![CDATA[******[ Test 6--> 'Importing record as No data inside Excel file(No Rows exsists)' is ''PASSED'' ]****** ]]>
    </line>
    <line>
      <![CDATA[ ]]>
    </line>
    <line>
      <![CDATA[ ]]>
    </line>
    <line>
      <![CDATA[************************************[ Test 7--> 'Importing record as NULL 'Job Code Key' field' ]************************************ ]]>
    </line>
    <line>
      <![CDATA[******[ Test 7--> 'Importing record as NULL 'Job Code Key' field' ]****** ]]>
    </line>
    <line>
      <![CDATA[[Test 7 steps 'STARTS'] ]]>
    </line>
    <line>
      <![CDATA[[Test 7 steps 'STARTS'] ]]>
    </line>
    <line>
      <![CDATA[01.Clicked on 'Select Import File' button]]>
    </line>
    <line>
      <![CDATA[01.Clicked on 'Select Import File' button]]>
    </line>
    <line>
      <![CDATA[02.Choosing excel file(having records) from System Directory to perform Import functionility]]>
    </line>
    <line>
      <![CDATA[02.Choosing excel file(having records) from System Directory to perform Import functionility]]>
    </line>
    <line>
      <![CDATA[03.Clicked on 'Upload' button]]>
    </line>
    <line>
      <![CDATA[03.Clicked on 'Upload' button]]>
    </line>
    <line>
      <![CDATA[04.Clicked on 'Import file' button once file uploaded successfully]]>
    </line>
    <line>
      <![CDATA[04.Clicked on 'Import file' button once file uploaded successfully]]>
    </line>
    <line>
      <![CDATA[[Test 7 steps 'ENDS'] ]]>
    </line>
    <line>
      <![CDATA[[Test 7 steps 'ENDS'] ]]>
    </line>
    <line>
      <![CDATA[************************************[ Test 7--> 'Importing record as NULL 'Job Code Key' field' is ''PASSED'' ]************************************ ]]>
    </line>
    <line>
      <![CDATA[******[ Test 7--> 'Importing record as NULL 'Job Code Key' field' is ''PASSED'' ]****** ]]>
    </line>
    <line>
      <![CDATA[ ]]>
    </line>
    <line>
      <![CDATA[ ]]>
    </line>
    <line>
      <![CDATA[************************************[ Test 8--> 'Importing record as NULL 'PO No' field' ]************************************ ]]>
    </line>
    <line>
      <![CDATA[******[ Test 8--> 'Importing record as NULL 'PO No' field' ]****** ]]>
    </line>
    <line>
      <![CDATA[[Test 8 steps 'STARTS'] ]]>
    </line>
    <line>
      <![CDATA[[Test 8 steps 'STARTS'] ]]>
    </line>
    <line>
      <![CDATA[01.Clicked on 'Select Import File' button]]>
    </line>
    <line>
      <![CDATA[01.Clicked on 'Select Import File' button]]>
    </line>
    <line>
      <![CDATA[02.Choosing excel file(having records) from System Directory to perform Import functionility]]>
    </line>
    <line>
      <![CDATA[02.Choosing excel file(having records) from System Directory to perform Import functionility]]>
    </line>
    <line>
      <![CDATA[03.Clicked on 'Upload' button]]>
    </line>
    <line>
      <![CDATA[03.Clicked on 'Upload' button]]>
    </line>
    <line>
      <![CDATA[04.Clicked on 'Import file' button once file uploaded successfully]]>
    </line>
    <line>
      <![CDATA[04.Clicked on 'Import file' button once file uploaded successfully]]>
    </line>
    <line>
      <![CDATA[[Test 8 steps 'ENDS'] ]]>
    </line>
    <line>
      <![CDATA[[Test 8 steps 'ENDS'] ]]>
    </line>
    <line>
      <![CDATA[************************************[ Test 8--> 'Importing record as NULL 'PO No' field' is ''PASSED'' ]************************************ ]]>
    </line>
    <line>
      <![CDATA[******[ Test 8--> 'Importing record as NULL 'PO No' field' is ''PASSED'' ]****** ]]>
    </line>
    <line>
      <![CDATA[ ]]>
    </line>
    <line>
      <![CDATA[ ]]>
    </line>
    <line>
      <![CDATA[************************************[ Test 9--> 'Importing record as NULL 'PO Order Date' field' ]************************************ ]]>
    </line>
    <line>
      <![CDATA[******[ Test 9--> 'Importing record as NULL 'PO Order Date' field' ]****** ]]>
    </line>
    <line>
      <![CDATA[[Test 9 steps 'STARTS'] ]]>
    </line>
    <line>
      <![CDATA[[Test 9 steps 'STARTS'] ]]>
    </line>
    <line>
      <![CDATA[01.Clicked on 'Select Import File' button]]>
    </line>
    <line>
      <![CDATA[01.Clicked on 'Select Import File' button]]>
    </line>
    <line>
      <![CDATA[02.Choosing excel file(having records) from System Directory to perform Import functionility]]>
    </line>
    <line>
      <![CDATA[02.Choosing excel file(having records) from System Directory to perform Import functionility]]>
    </line>
    <line>
      <![CDATA[03.Clicked on 'Upload' button]]>
    </line>
    <line>
      <![CDATA[03.Clicked on 'Upload' button]]>
    </line>
    <line>
      <![CDATA[04.Clicked on 'Import file' button once file uploaded successfully]]>
    </line>
    <line>
      <![CDATA[04.Clicked on 'Import file' button once file uploaded successfully]]>
    </line>
    <line>
      <![CDATA[[Test 9 steps 'ENDS'] ]]>
    </line>
    <line>
      <![CDATA[[Test 9 steps 'ENDS'] ]]>
    </line>
    <line>
      <![CDATA[************************************[ Test 9--> 'Importing record as NULL 'PO Order Date' field' is ''PASSED'' ]************************************ ]]>
    </line>
    <line>
      <![CDATA[******[ Test 9--> 'Importing record as NULL 'PO Order Date' field' is ''PASSED'' ]****** ]]>
    </line>
    <line>
      <![CDATA[ ]]>
    </line>
    <line>
      <![CDATA[ ]]>
    </line>
    <line>
      <![CDATA[************************************[ Test 10--> 'Importing record as NULL 'PO Title1' field' ]************************************ ]]>
    </line>
    <line>
      <![CDATA[******[ Test 10--> 'Importing record as NULL 'PO Title1' field' ]****** ]]>
    </line>
    <line>
      <![CDATA[[Test 10 steps 'STARTS'] ]]>
    </line>
    <line>
      <![CDATA[[Test 10 steps 'STARTS'] ]]>
    </line>
    <line>
      <![CDATA[01.Clicked on 'Select Import File' button]]>
    </line>
    <line>
      <![CDATA[01.Clicked on 'Select Import File' button]]>
    </line>
    <line>
      <![CDATA[02.Choosing excel file(having records) from System Directory to perform Import functionility]]>
    </line>
    <line>
      <![CDATA[02.Choosing excel file(having records) from System Directory to perform Import functionility]]>
    </line>
    <line>
      <![CDATA[03.Clicked on 'Upload' button]]>
    </line>
    <line>
      <![CDATA[03.Clicked on 'Upload' button]]>
    </line>
    <line>
      <![CDATA[04.Clicked on 'Import file' button once file uploaded successfully]]>
    </line>
    <line>
      <![CDATA[04.Clicked on 'Import file' button once file uploaded successfully]]>
    </line>
    <line>
      <![CDATA[[Test 10 steps 'ENDS'] ]]>
    </line>
    <line>
      <![CDATA[[Test 10 steps 'ENDS'] ]]>
    </line>
    <line>
      <![CDATA[************************************[ Test 10--> 'Importing record as NULL 'PO Title1' field' is ''PASSED'' ]************************************ ]]>
    </line>
    <line>
      <![CDATA[******[ Test 10--> 'Importing record as NULL 'PO Title1' field' is ''PASSED'' ]****** ]]>
    </line>
    <line>
      <![CDATA[ ]]>
    </line>
    <line>
      <![CDATA[ ]]>
    </line>
    <line>
      <![CDATA[************************************[ Test 11--> 'Importing record as NULL 'Discipline Code' field' ]************************************ ]]>
    </line>
    <line>
      <![CDATA[******[ Test 11--> 'Importing record as NULL 'Discipline Code' field' ]****** ]]>
    </line>
    <line>
      <![CDATA[[Test 11 steps 'STARTS'] ]]>
    </line>
    <line>
      <![CDATA[[Test 11 steps 'STARTS'] ]]>
    </line>
    <line>
      <![CDATA[01.Clicked on 'Select Import File' button]]>
    </line>
    <line>
      <![CDATA[01.Clicked on 'Select Import File' button]]>
    </line>
    <line>
      <![CDATA[02.Choosing excel file(having records) from System Directory to perform Import functionility]]>
    </line>
    <line>
      <![CDATA[02.Choosing excel file(having records) from System Directory to perform Import functionility]]>
    </line>
    <line>
      <![CDATA[03.Clicked on 'Upload' button]]>
    </line>
    <line>
      <![CDATA[03.Clicked on 'Upload' button]]>
    </line>
    <line>
      <![CDATA[04.Clicked on 'Import file' button once file uploaded successfully]]>
    </line>
    <line>
      <![CDATA[04.Clicked on 'Import file' button once file uploaded successfully]]>
    </line>
    <line>
      <![CDATA[[Test 11 steps 'ENDS'] ]]>
    </line>
    <line>
      <![CDATA[[Test 11 steps 'ENDS'] ]]>
    </line>
    <line>
      <![CDATA[************************************[ Test 11--> 'Importing record as NULL 'Discipline Code' field'' is ''PASSED'' ]************************************ ]]>
    </line>
    <line>
      <![CDATA[******[ Test 11--> ''Importing record as NULL 'Discipline Code' field'' is ''PASSED'' ]****** ]]>
    </line>
    <line>
      <![CDATA[ ]]>
    </line>
    <line>
      <![CDATA[ ]]>
    </line>
    <line>
      <![CDATA[************************************[ Test 12--> 'Importing record as NULL 'Item No' field' ]************************************ ]]>
    </line>
    <line>
      <![CDATA[******[ Test 12--> 'Importing record as NULL 'Item No' field' ]****** ]]>
    </line>
    <line>
      <![CDATA[[Test 12 steps 'STARTS'] ]]>
    </line>
    <line>
      <![CDATA[[Test 12 steps 'STARTS'] ]]>
    </line>
    <line>
      <![CDATA[01.Clicked on 'Select Import File' button]]>
    </line>
    <line>
      <![CDATA[01.Clicked on 'Select Import File' button]]>
    </line>
    <line>
      <![CDATA[02.Choosing excel file(having records) from System Directory to perform Import functionility]]>
    </line>
    <line>
      <![CDATA[02.Choosing excel file(having records) from System Directory to perform Import functionility]]>
    </line>
    <line>
      <![CDATA[03.Clicked on 'Upload' button]]>
    </line>
    <line>
      <![CDATA[03.Clicked on 'Upload' button]]>
    </line>
    <line>
      <![CDATA[04.Clicked on 'Import file' button once file uploaded successfully]]>
    </line>
    <line>
      <![CDATA[04.Clicked on 'Import file' button once file uploaded successfully]]>
    </line>
    <line>
      <![CDATA[[Test 12 steps 'ENDS'] ]]>
    </line>
    <line>
      <![CDATA[[Test 12 steps 'ENDS'] ]]>
    </line>
    <line>
      <![CDATA[************************************[ Test 12--> 'Importing record as NULL 'Item No' field' is ''PASSED'' ]************************************ ]]>
    </line>
    <line>
      <![CDATA[******[ Test 12--> 'Importing record as NULL 'Item No' field' is ''PASSED'' ]****** ]]>
    </line>
    <line>
      <![CDATA[ ]]>
    </line>
    <line>
      <![CDATA[ ]]>
    </line>
    <line>
      <![CDATA[************************************[ Test 13--> 'Importing record as NULL 'Ident Code' field' ]************************************ ]]>
    </line>
    <line>
      <![CDATA[******[ Test 13--> 'Importing record as NULL 'Ident Code' field' ]****** ]]>
    </line>
    <line>
      <![CDATA[[Test 13 steps 'STARTS'] ]]>
    </line>
    <line>
      <![CDATA[[Test 13 steps 'STARTS'] ]]>
    </line>
    <line>
      <![CDATA[01.Clicked on 'Select Import File' button]]>
    </line>
    <line>
      <![CDATA[01.Clicked on 'Select Import File' button]]>
    </line>
    <line>
      <![CDATA[02.Choosing excel file(having records) from System Directory to perform Import functionility]]>
    </line>
    <line>
      <![CDATA[02.Choosing excel file(having records) from System Directory to perform Import functionility]]>
    </line>
    <line>
      <![CDATA[03.Clicked on 'Upload' button]]>
    </line>
    <line>
      <![CDATA[03.Clicked on 'Upload' button]]>
    </line>
    <line>
      <![CDATA[04.Clicked on 'Import file' button once file uploaded successfully]]>
    </line>
    <line>
      <![CDATA[04.Clicked on 'Import file' button once file uploaded successfully]]>
    </line>
    <line>
      <![CDATA[[Test 13 steps 'ENDS'] ]]>
    </line>
    <line>
      <![CDATA[[Test 13 steps 'ENDS'] ]]>
    </line>
    <line>
      <![CDATA[************************************[ Test 13--> 'Importing record as NULL 'Ident Code' field' is ''PASSED'' ]************************************ ]]>
    </line>
    <line>
      <![CDATA[******[ Test 13--> 'Importing record as NULL 'Ident Code' field' is ''PASSED'' ]****** ]]>
    </line>
    <line>
      <![CDATA[ ]]>
    </line>
    <line>
      <![CDATA[ ]]>
    </line>
    <line>
      <![CDATA[************************************[ Test 14--> 'Importing record as NULL 'Size Decreament' field' ]************************************ ]]>
    </line>
    <line>
      <![CDATA[******[ Test 14--> 'Importing record as NULL 'Size Decreament' field' ]****** ]]>
    </line>
    <line>
      <![CDATA[[Test 14 steps 'STARTS'] ]]>
    </line>
    <line>
      <![CDATA[[Test 14 steps 'STARTS'] ]]>
    </line>
    <line>
      <![CDATA[01.Clicked on 'Select Import File' button]]>
    </line>
    <line>
      <![CDATA[01.Clicked on 'Select Import File' button]]>
    </line>
    <line>
      <![CDATA[02.Choosing excel file(having records) from System Directory to perform Import functionility]]>
    </line>
    <line>
      <![CDATA[02.Choosing excel file(having records) from System Directory to perform Import functionility]]>
    </line>
    <line>
      <![CDATA[03.Clicked on 'Upload' button]]>
    </line>
    <line>
      <![CDATA[03.Clicked on 'Upload' button]]>
    </line>
    <line>
      <![CDATA[04.Clicked on 'Import file' button once file uploaded successfully]]>
    </line>
    <line>
      <![CDATA[04.Clicked on 'Import file' button once file uploaded successfully]]>
    </line>
    <line>
      <![CDATA[[Test 14 steps 'ENDS'] ]]>
    </line>
    <line>
      <![CDATA[[Test 14 steps 'ENDS'] ]]>
    </line>
    <line>
      <![CDATA[************************************[ Test 14--> 'Importing record as NULL 'Size Decreament' field' is ''PASSED'' ]************************************ ]]>
    </line>
    <line>
      <![CDATA[******[ Test 14--> 'Importing record as NULL 'Size Decreament' field' is ''PASSED'' ]****** ]]>
    </line>
    <line>
      <![CDATA[ ]]>
    </line>
    <line>
      <![CDATA[ ]]>
    </line>
    <line>
      <![CDATA[************************************[ Test 15--> 'Importing record as NULL 'Thickness Description' field' ]************************************ ]]>
    </line>
    <line>
      <![CDATA[******[ Test 15--> 'Importing record as NULL 'Thickness Description' field' ]****** ]]>
    </line>
    <line>
      <![CDATA[[Test 15 steps 'STARTS'] ]]>
    </line>
    <line>
      <![CDATA[[Test 15 steps 'STARTS'] ]]>
    </line>
    <line>
      <![CDATA[01.Clicked on 'Select Import File' button]]>
    </line>
    <line>
      <![CDATA[01.Clicked on 'Select Import File' button]]>
    </line>
    <line>
      <![CDATA[02.Choosing excel file(having records) from System Directory to perform Import functionility]]>
    </line>
    <line>
      <![CDATA[02.Choosing excel file(having records) from System Directory to perform Import functionility]]>
    </line>
    <line>
      <![CDATA[03.Clicked on 'Upload' button]]>
    </line>
    <line>
      <![CDATA[03.Clicked on 'Upload' button]]>
    </line>
    <line>
      <![CDATA[04.Clicked on 'Import file' button once file uploaded successfully]]>
    </line>
    <line>
      <![CDATA[04.Clicked on 'Import file' button once file uploaded successfully]]>
    </line>
    <line>
      <![CDATA[[Test 15 steps 'ENDS'] ]]>
    </line>
    <line>
      <![CDATA[[Test 15 steps 'ENDS'] ]]>
    </line>
    <line>
      <![CDATA[************************************[ Test 15--> 'Importing record as NULL 'Thickness Description' field' is ''PASSED'' ]************************************ ]]>
    </line>
    <line>
      <![CDATA[******[ Test 15--> 'Importing record as NULL 'Thickness Description' field' is ''PASSED'' ]****** ]]>
    </line>
    <line>
      <![CDATA[ ]]>
    </line>
    <line>
      <![CDATA[ ]]>
    </line>
    <line>
      <![CDATA[************************************[ Test 16--> 'Importing record as NULL 'PO Qty' field' ]************************************ ]]>
    </line>
    <line>
      <![CDATA[******[ Test 16--> 'Importing record as NULL 'PO Qty' field' ]****** ]]>
    </line>
    <line>
      <![CDATA[[Test 16 steps 'STARTS'] ]]>
    </line>
    <line>
      <![CDATA[[Test 16 steps 'STARTS'] ]]>
    </line>
    <line>
      <![CDATA[01.Clicked on 'Select Import File' button]]>
    </line>
    <line>
      <![CDATA[01.Clicked on 'Select Import File' button]]>
    </line>
    <line>
      <![CDATA[05.Choosing excel file(having records) from System Directory to perform Import functionility]]>
    </line>
    <line>
      <![CDATA[05.Choosing excel file(having records) from System Directory to perform Import functionility]]>
    </line>
    <line>
      <![CDATA[06.Clicked on 'Upload' button]]>
    </line>
    <line>
      <![CDATA[06.Clicked on 'Upload' button]]>
    </line>
    <line>
      <![CDATA[04.Clicked on 'Import file' button once file uploaded successfully]]>
    </line>
    <line>
      <![CDATA[04.Clicked on 'Import file' button once file uploaded successfully]]>
    </line>
    <line>
      <![CDATA[[Test 16 steps 'ENDS'] ]]>
    </line>
    <line>
      <![CDATA[[Test 16 steps 'ENDS'] ]]>
    </line>
    <line>
      <![CDATA[************************************[ Test 16--> 'Importing record as NULL 'PO Qty' field' is ''PASSED'' ]************************************ ]]>
    </line>
    <line>
      <![CDATA[******[ Test 16--> 'Importing record as NULL 'PO Qty' field' is ''PASSED'' ]****** ]]>
    </line>
    <line>
      <![CDATA[ ]]>
    </line>
    <line>
      <![CDATA[ ]]>
    </line>
    <line>
      <![CDATA[************************************[ Test 17--> 'Importing record as NULL 'Company Code' field' ]************************************ ]]>
    </line>
    <line>
      <![CDATA[******[ Test 17--> 'Importing record as NULL 'Company Code' field' ]****** ]]>
    </line>
    <line>
      <![CDATA[[Test 17 steps 'STARTS'] ]]>
    </line>
    <line>
      <![CDATA[[Test 17 steps 'STARTS'] ]]>
    </line>
    <line>
      <![CDATA[01.Clicked on 'Select Import File' button]]>
    </line>
    <line>
      <![CDATA[01.Clicked on 'Select Import File' button]]>
    </line>
    <line>
      <![CDATA[05.Choosing excel file(having records) from System Directory to perform Import functionility]]>
    </line>
    <line>
      <![CDATA[05.Choosing excel file(having records) from System Directory to perform Import functionility]]>
    </line>
    <line>
      <![CDATA[06.Clicked on 'Upload' button]]>
    </line>
    <line>
      <![CDATA[06.Clicked on 'Upload' button]]>
    </line>
    <line>
      <![CDATA[04.Clicked on 'Import file' button once file uploaded successfully]]>
    </line>
    <line>
      <![CDATA[04.Clicked on 'Import file' button once file uploaded successfully]]>
    </line>
    <line>
      <![CDATA[[Test 17 steps 'ENDS'] ]]>
    </line>
    <line>
      <![CDATA[[Test 17 steps 'ENDS'] ]]>
    </line>
    <line>
      <![CDATA[************************************[ Test 17--> 'Importing record as NULL 'Company Code' field' is ''PASSED'' ]************************************ ]]>
    </line>
    <line>
      <![CDATA[******[ Test 17--> 'Importing record as NULL 'Company Code' field' is ''PASSED'' ]****** ]]>
    </line>
    <line>
      <![CDATA[ ]]>
    </line>
    <line>
      <![CDATA[ ]]>
    </line>
    <line>
      <![CDATA[************************************[ Test 18--> 'Importing record as 'PO No' having MIN length' ]************************************ ]]>
    </line>
    <line>
      <![CDATA[******[ Test 18--> 'Importing record as 'PO No' having MIN length' ]****** ]]>
    </line>
    <line>
      <![CDATA[[Test 18 steps 'STARTS'] ]]>
    </line>
    <line>
      <![CDATA[[Test 18 steps 'STARTS'] ]]>
    </line>
    <line>
      <![CDATA[01.Clicked on 'Select Import File' button]]>
    </line>
    <line>
      <![CDATA[01.Clicked on 'Select Import File' button]]>
    </line>
    <line>
      <![CDATA[05.Choosing excel file(having records) from System Directory to perform Import functionility]]>
    </line>
    <line>
      <![CDATA[05.Choosing excel file(having records) from System Directory to perform Import functionility]]>
    </line>
    <line>
      <![CDATA[06.Clicked on 'Upload' button]]>
    </line>
    <line>
      <![CDATA[06.Clicked on 'Upload' button]]>
    </line>
    <line>
      <![CDATA[04.Clicked on 'Import file' button once file uploaded successfully]]>
    </line>
    <line>
      <![CDATA[04.Clicked on 'Import file' button once file uploaded successfully]]>
    </line>
    <line>
      <![CDATA[[Test 18 steps 'ENDS'] ]]>
    </line>
    <line>
      <![CDATA[[Test 18 steps 'ENDS'] ]]>
    </line>
    <line>
      <![CDATA[************************************[ Test 18--> 'Importing record as 'PO No' having MIN length' is ''PASSED'' ]************************************ ]]>
    </line>
    <line>
      <![CDATA[******[ Test 18--> 'Importing record as 'PO No' having MIN length' is ''PASSED'' ]****** ]]>
    </line>
    <line>
      <![CDATA[ ]]>
    </line>
    <line>
      <![CDATA[ ]]>
    </line>
    <line>
      <![CDATA[************************************[ Test 19--> 'Importing record as Non Exsisting 'Job Code Key' field' ]************************************ ]]>
    </line>
    <line>
      <![CDATA[******[ Test 19--> 'Importing record as Non Exsisting 'Job Code Key' field' ]****** ]]>
    </line>
    <line>
      <![CDATA[[Test 19 steps 'STARTS'] ]]>
    </line>
    <line>
      <![CDATA[[Test 19 steps 'STARTS'] ]]>
    </line>
    <line>
      <![CDATA[01.Clicked on 'Select Import File' button]]>
    </line>
    <line>
      <![CDATA[01.Clicked on 'Select Import File' button]]>
    </line>
    <line>
      <![CDATA[05.Choosing excel file(having records) from System Directory to perform Import functionility]]>
    </line>
    <line>
      <![CDATA[05.Choosing excel file(having records) from System Directory to perform Import functionility]]>
    </line>
    <line>
      <![CDATA[06.Clicked on 'Upload' button]]>
    </line>
    <line>
      <![CDATA[06.Clicked on 'Upload' button]]>
    </line>
    <line>
      <![CDATA[04.Clicked on 'Import file' button once file uploaded successfully]]>
    </line>
    <line>
      <![CDATA[04.Clicked on 'Import file' button once file uploaded successfully]]>
    </line>
    <line>
      <![CDATA[[Test 19 steps 'ENDS'] ]]>
    </line>
    <line>
      <![CDATA[[Test 19 steps 'ENDS'] ]]>
    </line>
    <line>
      <![CDATA[************************************[ Test 19--> 'Importing record as Non Exsisting 'Job Code Key' field' is ''PASSED'' ]************************************ ]]>
    </line>
    <line>
      <![CDATA[******[ Test 19--> 'Importing record as Non Exsisting 'Job Code Key' field' is ''PASSED'' ]****** ]]>
    </line>
    <line>
      <![CDATA[ ]]>
    </line>
    <line>
      <![CDATA[ ]]>
    </line>
    <line>
      <![CDATA[************************************[ Test 20--> 'Importing record as Non Exsisting 'Ident Code' field' ]************************************ ]]>
    </line>
    <line>
      <![CDATA[******[ Test 20--> 'Importing record as Non Exsisting 'Ident Code' field' ]****** ]]>
    </line>
    <line>
      <![CDATA[[Test 20 steps 'STARTS'] ]]>
    </line>
    <line>
      <![CDATA[[Test 20 steps 'STARTS'] ]]>
    </line>
    <line>
      <![CDATA[01.Clicked on 'Select Import File' button]]>
    </line>
    <line>
      <![CDATA[01.Clicked on 'Select Import File' button]]>
    </line>
    <line>
      <![CDATA[05.Choosing excel file(having records) from System Directory to perform Import functionility]]>
    </line>
    <line>
      <![CDATA[05.Choosing excel file(having records) from System Directory to perform Import functionility]]>
    </line>
    <line>
      <![CDATA[06.Clicked on 'Upload' button]]>
    </line>
    <line>
      <![CDATA[06.Clicked on 'Upload' button]]>
    </line>
    <line>
      <![CDATA[04.Clicked on 'Import file' button once file uploaded successfully]]>
    </line>
    <line>
      <![CDATA[04.Clicked on 'Import file' button once file uploaded successfully]]>
    </line>
    <line>
      <![CDATA[[Test 20 steps 'ENDS'] ]]>
    </line>
    <line>
      <![CDATA[[Test 20 steps 'ENDS'] ]]>
    </line>
    <line>
      <![CDATA[************************************[ Test 20--> 'Importing record as Non Exsisting 'Ident Code' field' is ''PASSED'' ]************************************ ]]>
    </line>
    <line>
      <![CDATA[******[ Test 20--> 'Importing record as Non Exsisting 'Ident Code' field' is ''PASSED'' ]****** ]]>
    </line>
    <line>
      <![CDATA[ ]]>
    </line>
    <line>
      <![CDATA[ ]]>
    </line>
    <line>
      <![CDATA[************************************[ Test 21--> 'Importing record as Non Exsisting 'Discipline Code' field' ]************************************ ]]>
    </line>
    <line>
      <![CDATA[******[ Test 21--> 'Importing record as Non Exsisting 'Discipline Code' field' ]****** ]]>
    </line>
    <line>
      <![CDATA[[Test 21 steps 'STARTS'] ]]>
    </line>
    <line>
      <![CDATA[[Test 21 steps 'STARTS'] ]]>
    </line>
    <line>
      <![CDATA[01.Clicked on 'Select Import File' button]]>
    </line>
    <line>
      <![CDATA[01.Clicked on 'Select Import File' button]]>
    </line>
    <line>
      <![CDATA[05.Choosing excel file(having records) from System Directory to perform Import functionility]]>
    </line>
    <line>
      <![CDATA[05.Choosing excel file(having records) from System Directory to perform Import functionility]]>
    </line>
    <line>
      <![CDATA[06.Clicked on 'Upload' button]]>
    </line>
    <line>
      <![CDATA[06.Clicked on 'Upload' button]]>
    </line>
    <line>
      <![CDATA[04.Clicked on 'Import file' button once file uploaded successfully]]>
    </line>
    <line>
      <![CDATA[04.Clicked on 'Import file' button once file uploaded successfully]]>
    </line>
    <line>
      <![CDATA[[Test 21 steps 'ENDS'] ]]>
    </line>
    <line>
      <![CDATA[[Test 21 steps 'ENDS'] ]]>
    </line>
    <line>
      <![CDATA[************************************[ Test 21--> 'Importing record as Non Exsisting 'Discipline Code' field' is ''PASSED'' ]************************************ ]]>
    </line>
    <line>
      <![CDATA[******[ Test 21--> 'Importing record as Non Exsisting 'Discipline Code' field' is ''PASSED'' ]****** ]]>
    </line>
    <line>
      <![CDATA[ ]]>
    </line>
    <line>
      <![CDATA[ ]]>
    </line>
    <line>
      <![CDATA[************************************[ Test 22--> 'Importing record as Non Exsisting 'Size Description' field' ]************************************ ]]>
    </line>
    <line>
      <![CDATA[******[ Test 22--> 'Importing record as Non Exsisting 'Size Description' field' ]****** ]]>
    </line>
    <line>
      <![CDATA[[Test 22 steps 'STARTS'] ]]>
    </line>
    <line>
      <![CDATA[[Test 22 steps 'STARTS'] ]]>
    </line>
    <line>
      <![CDATA[01.Clicked on 'Select Import File' button]]>
    </line>
    <line>
      <![CDATA[01.Clicked on 'Select Import File' button]]>
    </line>
    <line>
      <![CDATA[05.Choosing excel file(having records) from System Directory to perform Import functionility]]>
    </line>
    <line>
      <![CDATA[05.Choosing excel file(having records) from System Directory to perform Import functionility]]>
    </line>
    <line>
      <![CDATA[06.Clicked on 'Upload' button]]>
    </line>
    <line>
      <![CDATA[06.Clicked on 'Upload' button]]>
    </line>
    <line>
      <![CDATA[04.Clicked on 'Import file' button once file uploaded successfully]]>
    </line>
    <line>
      <![CDATA[04.Clicked on 'Import file' button once file uploaded successfully]]>
    </line>
    <line>
      <![CDATA[[Test 22 steps 'ENDS'] ]]>
    </line>
    <line>
      <![CDATA[[Test 22 steps 'ENDS'] ]]>
    </line>
    <line>
      <![CDATA[************************************[ Test 22--> 'Importing record as Non Exsisting 'Size Description' field' is ''PASSED'' ]************************************ ]]>
    </line>
    <line>
      <![CDATA[******[ Test 22--> 'Importing record as Non Exsisting 'Size Description' field' is ''PASSED'' ]****** ]]>
    </line>
    <line>
      <![CDATA[ ]]>
    </line>
    <line>
      <![CDATA[ ]]>
    </line>
    <line>
      <![CDATA[************************************[ Test 23--> 'Importing record as Non Exsisting 'Thickness Description' field' ]************************************ ]]>
    </line>
    <line>
      <![CDATA[******[ Test 23--> 'Importing record as Non Exsisting 'Thickness Description' field' ]****** ]]>
    </line>
    <line>
      <![CDATA[[Test 23 steps 'STARTS'] ]]>
    </line>
    <line>
      <![CDATA[[Test 23 steps 'STARTS'] ]]>
    </line>
    <line>
      <![CDATA[01.Clicked on 'Select Import File' button]]>
    </line>
    <line>
      <![CDATA[01.Clicked on 'Select Import File' button]]>
    </line>
    <line>
      <![CDATA[05.Choosing excel file(having records) from System Directory to perform Import functionility]]>
    </line>
    <line>
      <![CDATA[05.Choosing excel file(having records) from System Directory to perform Import functionility]]>
    </line>
    <line>
      <![CDATA[06.Clicked on 'Upload' button]]>
    </line>
    <line>
      <![CDATA[06.Clicked on 'Upload' button]]>
    </line>
    <line>
      <![CDATA[04.Clicked on 'Import file' button once file uploaded successfully]]>
    </line>
    <line>
      <![CDATA[04.Clicked on 'Import file' button once file uploaded successfully]]>
    </line>
    <line>
      <![CDATA[[Test 23 steps 'ENDS'] ]]>
    </line>
    <line>
      <![CDATA[[Test 23 steps 'ENDS'] ]]>
    </line>
    <line>
      <![CDATA[************************************[ Test 23--> 'Importing record as Non Exsisting 'Thickness Description' field' is ''PASSED'' ]************************************ ]]>
    </line>
    <line>
      <![CDATA[******[ Test 23--> 'Importing record as Non Exsisting 'Thickness Description' field' is ''PASSED'' ]****** ]]>
    </line>
    <line>
      <![CDATA[ ]]>
    </line>
    <line>
      <![CDATA[ ]]>
    </line>
    <line>
      <![CDATA[************************************[ Test 24--> 'Importing record as Non Exsisting 'PO Qty' field' ]************************************ ]]>
    </line>
    <line>
      <![CDATA[******[ Test 24--> 'Importing record as Non Exsisting 'PO Qty' field' ]****** ]]>
    </line>
    <line>
      <![CDATA[[Test 24 steps 'STARTS'] ]]>
    </line>
    <line>
      <![CDATA[[Test 24 steps 'STARTS'] ]]>
    </line>
    <line>
      <![CDATA[01.Clicked on 'Select Import File' button]]>
    </line>
    <line>
      <![CDATA[01.Clicked on 'Select Import File' button]]>
    </line>
    <line>
      <![CDATA[05.Choosing excel file(having records) from System Directory to perform Import functionility]]>
    </line>
    <line>
      <![CDATA[05.Choosing excel file(having records) from System Directory to perform Import functionility]]>
    </line>
    <line>
      <![CDATA[06.Clicked on 'Upload' button]]>
    </line>
    <line>
      <![CDATA[06.Clicked on 'Upload' button]]>
    </line>
    <line>
      <![CDATA[04.Clicked on 'Import file' button once file uploaded successfully]]>
    </line>
    <line>
      <![CDATA[04.Clicked on 'Import file' button once file uploaded successfully]]>
    </line>
    <line>
      <![CDATA[[Test 24 steps 'ENDS'] ]]>
    </line>
    <line>
      <![CDATA[[Test 24 steps 'ENDS'] ]]>
    </line>
    <line>
      <![CDATA[************************************[ Test 24--> 'Importing record as Non Exsisting 'PO Qty' field' is ''PASSED'' ]************************************ ]]>
    </line>
    <line>
      <![CDATA[******[ Test 24--> 'Importing record as Non Exsisting 'PO Qty' field' is ''PASSED'' ]****** ]]>
    </line>
    <line>
      <![CDATA[ ]]>
    </line>
    <line>
      <![CDATA[ ]]>
    </line>
    <line>
      <![CDATA[************************************[ Test 25--> 'Importing record as Non Exsisting 'PO Qty'(ALPHABETICAL) field' ]************************************ ]]>
    </line>
    <line>
      <![CDATA[******[ Test 25--> 'Importing record as Non Exsisting 'PO Qty'(ALPHABETICAL) field' ]****** ]]>
    </line>
    <line>
      <![CDATA[[Test 25 steps 'STARTS'] ]]>
    </line>
    <line>
      <![CDATA[[Test 25 steps 'STARTS'] ]]>
    </line>
    <line>
      <![CDATA[01.Clicked on 'Select Import File' button]]>
    </line>
    <line>
      <![CDATA[01.Clicked on 'Select Import File' button]]>
    </line>
    <line>
      <![CDATA[05.Choosing excel file(having records) from System Directory to perform Import functionility]]>
    </line>
    <line>
      <![CDATA[05.Choosing excel file(having records) from System Directory to perform Import functionility]]>
    </line>
    <line>
      <![CDATA[06.Clicked on 'Upload' button]]>
    </line>
    <line>
      <![CDATA[06.Clicked on 'Upload' button]]>
    </line>
    <line>
      <![CDATA[04.Clicked on 'Import file' button once file uploaded successfully]]>
    </line>
    <line>
      <![CDATA[04.Clicked on 'Import file' button once file uploaded successfully]]>
    </line>
    <line>
      <![CDATA[[Test 25 steps 'ENDS'] ]]>
    </line>
    <line>
      <![CDATA[[Test 25 steps 'ENDS'] ]]>
    </line>
    <line>
      <![CDATA[************************************[ Test 25--> 'Importing record as Non Exsisting 'PO Qty'(ALPHABETICAL) field' is ''PASSED'' ]************************************ ]]>
    </line>
    <line>
      <![CDATA[******[ Test 25--> 'Importing record as Non Exsisting 'PO Qty'(ALPHABETICAL) field is ''PASSED'' ]****** ]]>
    </line>
    <line>
      <![CDATA[ ]]>
    </line>
    <line>
      <![CDATA[ ]]>
    </line>
    <line>
      <![CDATA[************************************[ Test 26--> 'Insertion of new data' ]************************************ ]]>
    </line>
    <line>
      <![CDATA[******[ Test 26--> 'Insertion of new data' ]****** ]]>
    </line>
    <line>
      <![CDATA[[Test 26 steps 'STARTS'] ]]>
    </line>
    <line>
      <![CDATA[[Test 26 steps 'STARTS'] ]]>
    </line>
    <line>
      <![CDATA[01.Clicked on 'Select Import File' button]]>
    </line>
    <line>
      <![CDATA[01.Clicked on 'Select Import File' button]]>
    </line>
    <line>
      <![CDATA[05.Choosing excel file(having records) from System Directory to perform Import functionility]]>
    </line>
    <line>
      <![CDATA[05.Choosing excel file(having records) from System Directory to perform Import functionility]]>
    </line>
    <line>
      <![CDATA[06.Clicked on 'Upload' button]]>
    </line>
    <line>
      <![CDATA[06.Clicked on 'Upload' button]]>
    </line>
    <line>
      <![CDATA[04.Clicked on 'Import file' button once file uploaded successfully]]>
    </line>
    <line>
      <![CDATA[04.Clicked on 'Import file' button once file uploaded successfully]]>
    </line>
    <line>
      <![CDATA[[Test 26 steps 'ENDS'] ]]>
    </line>
    <line>
      <![CDATA[[Test 26  steps 'ENDS'] ]]>
    </line>
    <line>
      <![CDATA[************************************[ Test 26--> 'Importing record as Non Exsisting 'PO Qty'(NVARCHAR) field' is ''PASSED'' ]************************************ ]]>
    </line>
    <line>
      <![CDATA[******[ Test 26--> 'Importing record as Non Exsisting 'PO Qty'(NVARCHAR) field' is ''PASSED'' ]****** ]]>
    </line>
    <line>
      <![CDATA[ ]]>
    </line>
    <line>
      <![CDATA[ ]]>
    </line>
    <line>
      <![CDATA[************************************[ Test 27--> 'Importing record as Non Exsisting 'PO Qty'(Special SYMBOLS) field' ]************************************ ]]>
    </line>
    <line>
      <![CDATA[******[ Test 27--> 'Importing record as Non Exsisting 'PO Qty'(Special SYMBOLS) field' ]****** ]]>
    </line>
    <line>
      <![CDATA[[Test 27 steps 'STARTS'] ]]>
    </line>
    <line>
      <![CDATA[[Test 27 steps 'STARTS'] ]]>
    </line>
    <line>
      <![CDATA[01.Clicked on 'Select Import File' button]]>
    </line>
    <line>
      <![CDATA[01.Clicked on 'Select Import File' button]]>
    </line>
    <line>
      <![CDATA[05.Choosing excel file(having records) from System Directory to perform Import functionility]]>
    </line>
    <line>
      <![CDATA[05.Choosing excel file(having records) from System Directory to perform Import functionility]]>
    </line>
    <line>
      <![CDATA[06.Clicked on 'Upload' button]]>
    </line>
    <line>
      <![CDATA[06.Clicked on 'Upload' button]]>
    </line>
    <line>
      <![CDATA[04.Clicked on 'Import file' button once file uploaded successfully]]>
    </line>
    <line>
      <![CDATA[04.Clicked on 'Import file' button once file uploaded successfully]]>
    </line>
    <line>
      <![CDATA[[Test 27 steps 'ENDS'] ]]>
    </line>
    <line>
      <![CDATA[[Test 27 steps 'ENDS'] ]]>
    </line>
    <line>
      <![CDATA[************************************[ Test 27--> 'Importing record as Non Exsisting 'PO Qty'(Special SYMBOLS) field' is ''PASSED'' ]************************************ ]]>
    </line>
    <line>
      <![CDATA[******[ Test 27--> 'Importing record as Non Exsisting 'PO Qty'(Special SYMBOLS) field' is ''PASSED'' ]****** ]]>
    </line>
    <line>
      <![CDATA[ ]]>
    </line>
    <line>
      <![CDATA[ ]]>
    </line>
    <line>
      <![CDATA[************************************[ Test 28--> 'Importing record as Non Exsisting 'Unit' field' ]************************************ ]]>
    </line>
    <line>
      <![CDATA[******[ Test 28--> 'Importing record as Non Exsisting 'Unit' field' ]****** ]]>
    </line>
    <line>
      <![CDATA[[Test 28 steps 'STARTS'] ]]>
    </line>
    <line>
      <![CDATA[[Test 28 steps 'STARTS'] ]]>
    </line>
    <line>
      <![CDATA[01.Clicked on 'Select Import File' button]]>
    </line>
    <line>
      <![CDATA[01.Clicked on 'Select Import File' button]]>
    </line>
    <line>
      <![CDATA[05.Choosing excel file(having records) from System Directory to perform Import functionility]]>
    </line>
    <line>
      <![CDATA[05.Choosing excel file(having records) from System Directory to perform Import functionility]]>
    </line>
    <line>
      <![CDATA[06.Clicked on 'Upload' button]]>
    </line>
    <line>
      <![CDATA[06.Clicked on 'Upload' button]]>
    </line>
    <line>
      <![CDATA[04.Clicked on 'Import file' button once file uploaded successfully]]>
    </line>
    <line>
      <![CDATA[04.Clicked on 'Import file' button once file uploaded successfully]]>
    </line>
    <line>
      <![CDATA[[Test 28 steps 'ENDS'] ]]>
    </line>
    <line>
      <![CDATA[[Test 28 steps 'ENDS'] ]]>
    </line>
    <line>
      <![CDATA[************************************[ Test 28--> 'Importing record as Non Exsisting 'Unit' field' is ''PASSED'' ]************************************ ]]>
    </line>
    <line>
      <![CDATA[******[ Test 28--> 'Importing record as Non Exsisting 'Unit' field' is ''PASSED'' ]****** ]]>
    </line>
    <line>
      <![CDATA[ ]]>
    </line>
    <line>
      <![CDATA[ ]]>
    </line>
    <line>
      <![CDATA[************************************[ Test 29--> 'Importing record as 'Item No' having MIN length' ]************************************ ]]>
    </line>
    <line>
      <![CDATA[******[ Test 29--> 'Importing record as 'Item No' having MIN length' ]****** ]]>
    </line>
    <line>
      <![CDATA[[Test 29 steps 'STARTS'] ]]>
    </line>
    <line>
      <![CDATA[[Test 29 steps 'STARTS'] ]]>
    </line>
    <line>
      <![CDATA[01.Clicked on 'Select Import File' button]]>
    </line>
    <line>
      <![CDATA[01.Clicked on 'Select Import File' button]]>
    </line>
    <line>
      <![CDATA[05.Choosing excel file(having records) from System Directory to perform Import functionility]]>
    </line>
    <line>
      <![CDATA[05.Choosing excel file(having records) from System Directory to perform Import functionility]]>
    </line>
    <line>
      <![CDATA[06.Clicked on 'Upload' button]]>
    </line>
    <line>
      <![CDATA[06.Clicked on 'Upload' button]]>
    </line>
    <line>
      <![CDATA[04.Clicked on 'Import file' button once file uploaded successfully]]>
    </line>
    <line>
      <![CDATA[04.Clicked on 'Import file' button once file uploaded successfully]]>
    </line>
    <line>
      <![CDATA[[Test 29 steps 'ENDS'] ]]>
    </line>
    <line>
      <![CDATA[[Test 29 steps 'ENDS'] ]]>
    </line>
    <line>
      <![CDATA[************************************[ Test 29--> 'Importing record as 'Item No' having MIN length' is ''PASSED'' ]************************************ ]]>
    </line>
    <line>
      <![CDATA[******[ Test 29--> 'Importing record as 'Item No' having MIN length' is ''PASSED'' ]****** ]]>
    </line>
    <line>
      <![CDATA[ ]]>
    </line>
    <line>
      <![CDATA[ ]]>
    </line>
    <line>
      <![CDATA[************************************[ Test 30--> 'Importing record as 'Item No' having MAX length' ]************************************ ]]>
    </line>
    <line>
      <![CDATA[******[ Test 30--> 'Importing record as 'Item No' having MAX length' ]****** ]]>
    </line>
    <line>
      <![CDATA[[Test 1 steps 'STARTS'] ]]>
    </line>
    <line>
      <![CDATA[[Test 1 steps 'STARTS'] ]]>
    </line>
    <line>
      <![CDATA[01.Clicked on 'Select Import File' button]]>
    </line>
    <line>
      <![CDATA[01.Clicked on 'Select Import File' button]]>
    </line>
    <line>
      <![CDATA[05.Choosing excel file(having records) from System Directory to perform Import functionility]]>
    </line>
    <line>
      <![CDATA[05.Choosing excel file(having records) from System Directory to perform Import functionility]]>
    </line>
    <line>
      <![CDATA[06.Clicked on 'Upload' button]]>
    </line>
    <line>
      <![CDATA[06.Clicked on 'Upload' button]]>
    </line>
    <line>
      <![CDATA[04.Clicked on 'Import file' button once file uploaded successfully]]>
    </line>
    <line>
      <![CDATA[04.Clicked on 'Import file' button once file uploaded successfully]]>
    </line>
    <line>
      <![CDATA[[Test 30 steps 'ENDS'] ]]>
    </line>
    <line>
      <![CDATA[[Test 30 steps 'ENDS'] ]]>
    </line>
    <line>
      <![CDATA[************************************[ Test 30--> 'Importing record as 'Item No' having MAX length' is ''PASSED'' ]************************************ ]]>
    </line>
    <line>
      <![CDATA[******[ Test 30--> 'Importing record as 'Item No' having MAX length' is ''PASSED'' ]****** ]]>
    </line>
    <line>
      <![CDATA[ ]]>
    </line>
    <line>
      <![CDATA[ ]]>
    </line>
    <line>
      <![CDATA[************************************[ Test 31--> 'Importing record as 'Item No' having length more than provided(exceeding MAX Length)' ]************************************ ]]>
    </line>
    <line>
      <![CDATA[******[ Test 31--> 'Importing record as 'Item No' having length more than provided(exceeding MAX Length)' ]****** ]]>
    </line>
    <line>
      <![CDATA[[Test 31 steps 'STARTS'] ]]>
    </line>
    <line>
      <![CDATA[[Test 31 steps 'STARTS'] ]]>
    </line>
    <line>
      <![CDATA[01.Clicked on 'Select Import File' button]]>
    </line>
    <line>
      <![CDATA[01.Clicked on 'Select Import File' button]]>
    </line>
    <line>
      <![CDATA[05.Choosing excel file(having records) from System Directory to perform Import functionility]]>
    </line>
    <line>
      <![CDATA[05.Choosing excel file(having records) from System Directory to perform Import functionility]]>
    </line>
    <line>
      <![CDATA[06.Clicked on 'Upload' button]]>
    </line>
    <line>
      <![CDATA[06.Clicked on 'Upload' button]]>
    </line>
    <line>
      <![CDATA[04.Clicked on 'Import file' button once file uploaded successfully]]>
    </line>
    <line>
      <![CDATA[04.Clicked on 'Import file' button once file uploaded successfully]]>
    </line>
    <line>
      <![CDATA[[Test 31 steps 'ENDS'] ]]>
    </line>
    <line>
      <![CDATA[[Test 31 steps 'ENDS'] ]]>
    </line>
    <line>
      <![CDATA[************************************[ Test 31--> 'Importing record as 'Item No' having length more than provided(exceeding MAX Length)' is ''PASSED'' ]************************************ ]]>
    </line>
    <line>
      <![CDATA[******[ Test 31--> 'Importing record as 'Item No' having length more than provided(exceeding MAX Length)' is ''PASSED'' ]****** ]]>
    </line>
    <line>
      <![CDATA[ ]]>
    </line>
    <line>
      <![CDATA[ ]]>
    </line>
    <line>
      <![CDATA[************************************[ Test 32--> 'Importing record as NULL 'Cancel Flag' field' ]************************************ ]]>
    </line>
    <line>
      <![CDATA[******[ Test 32--> 'Importing record as NULL 'Cancel Flag' field' ]****** ]]>
    </line>
    <line>
      <![CDATA[[Test 32 steps 'STARTS'] ]]>
    </line>
    <line>
      <![CDATA[[Test 32 steps 'STARTS'] ]]>
    </line>
    <line>
      <![CDATA[01.Clicked on 'Select Import File' button]]>
    </line>
    <line>
      <![CDATA[01.Clicked on 'Select Import File' button]]>
    </line>
    <line>
      <![CDATA[05.Choosing excel file(having records) from System Directory to perform Import functionility]]>
    </line>
    <line>
      <![CDATA[05.Choosing excel file(having records) from System Directory to perform Import functionility]]>
    </line>
    <line>
      <![CDATA[06.Clicked on 'Upload' button]]>
    </line>
    <line>
      <![CDATA[06.Clicked on 'Upload' button]]>
    </line>
    <line>
      <![CDATA[04.Clicked on 'Import file' button once file uploaded successfully]]>
    </line>
    <line>
      <![CDATA[04.Clicked on 'Import file' button once file uploaded successfully]]>
    </line>
    <line>
      <![CDATA[[Test 32 steps 'ENDS'] ]]>
    </line>
    <line>
      <![CDATA[[Test 32 steps 'ENDS'] ]]>
    </line>
    <line>
      <![CDATA[************************************[ Test 32--> 'Importing record as NULL 'Cancel Flag' field' is ''PASSED'' ]************************************ ]]>
    </line>
    <line>
      <![CDATA[******[ Test 32--> 'Importing record as NULL 'Cancel Flag' field' is ''PASSED'' ]****** ]]>
    </line>
    <line>
      <![CDATA[ ]]>
    </line>
    <line>
      <![CDATA[ ]]>
    </line>
    <line>
      <![CDATA[************************************[ Test 33--> 'Importing record as input '0' inside 'Cancel Flag' field' ]************************************ ]]>
    </line>
    <line>
      <![CDATA[******[ Test 33--> 'Importing record as input '0' inside 'Cancel Flag' field' ]****** ]]>
    </line>
    <line>
      <![CDATA[[Test 33 steps 'STARTS'] ]]>
    </line>
    <line>
      <![CDATA[[Test 33 steps 'STARTS'] ]]>
    </line>
    <line>
      <![CDATA[01.Clicked on 'Select Import File' button]]>
    </line>
    <line>
      <![CDATA[01.Clicked on 'Select Import File' button]]>
    </line>
    <line>
      <![CDATA[05.Choosing excel file(having records) from System Directory to perform Import functionility]]>
    </line>
    <line>
      <![CDATA[05.Choosing excel file(having records) from System Directory to perform Import functionility]]>
    </line>
    <line>
      <![CDATA[06.Clicked on 'Upload' button]]>
    </line>
    <line>
      <![CDATA[06.Clicked on 'Upload' button]]>
    </line>
    <line>
      <![CDATA[04.Clicked on 'Import file' button once file uploaded successfully]]>
    </line>
    <line>
      <![CDATA[04.Clicked on 'Import file' button once file uploaded successfully]]>
    </line>
    <line>
      <![CDATA[[Test 33 steps 'ENDS'] ]]>
    </line>
    <line>
      <![CDATA[[Test 33 steps 'ENDS'] ]]>
    </line>
    <line>
      <![CDATA[************************************[ Test 33--> 'Importing record as input '0' inside 'Cancel Flag' field' is ''PASSED'' ]************************************ ]]>
    </line>
    <line>
      <![CDATA[******[ Test 33--> 'Importing record as input '0' inside 'Cancel Flag' field' is ''PASSED'' ]****** ]]>
    </line>
    <line>
      <![CDATA[ ]]>
    </line>
    <line>
      <![CDATA[ ]]>
    </line>
    <line>
      <![CDATA[************************************[ Test 34--> 'Importing record as input '0' inside 'Cancel Flag' field' ]************************************ ]]>
    </line>
    <line>
      <![CDATA[******[ Test 34--> 'Importing record as input '0' inside 'Cancel Flag' field' ]****** ]]>
    </line>
    <line>
      <![CDATA[[Test 34 steps 'STARTS'] ]]>
    </line>
    <line>
      <![CDATA[[Test 34 steps 'STARTS'] ]]>
    </line>
    <line>
      <![CDATA[01.Clicked on 'Select Import File' button]]>
    </line>
    <line>
      <![CDATA[01.Clicked on 'Select Import File' button]]>
    </line>
    <line>
      <![CDATA[05.Choosing excel file(having records) from System Directory to perform Import functionility]]>
    </line>
    <line>
      <![CDATA[05.Choosing excel file(having records) from System Directory to perform Import functionility]]>
    </line>
    <line>
      <![CDATA[06.Clicked on 'Upload' button]]>
    </line>
    <line>
      <![CDATA[06.Clicked on 'Upload' button]]>
    </line>
    <line>
      <![CDATA[04.Clicked on 'Import file' button once file uploaded successfully]]>
    </line>
    <line>
      <![CDATA[04.Clicked on 'Import file' button once file uploaded successfully]]>
    </line>
    <line>
      <![CDATA[[Test 34 steps 'ENDS'] ]]>
    </line>
    <line>
      <![CDATA[[Test 34 steps 'ENDS'] ]]>
    </line>
    <line>
      <![CDATA[************************************[ Test 34--> 'Importing record as input '0' inside 'Cancel Flag' field' is ''PASSED'' ]************************************ ]]>
    </line>
    <line>
      <![CDATA[******[ Test 34--> 'Importing record as input '0' inside 'Cancel Flag' field' is ''PASSED'' ]****** ]]>
    </line>
    <line>
      <![CDATA[ ]]>
    </line>
    <line>
      <![CDATA[ ]]>
    </line>
    <line>
      <![CDATA[************************************[ Test 35--> 'Importing records with Error(With Error Records)' ]************************************ ]]>
    </line>
    <line>
      <![CDATA[******[ Test 35--> 'Importing records with Error(With Error Records)' ]****** ]]>
    </line>
    <line>
      <![CDATA[[Test 35 steps 'STARTS'] ]]>
    </line>
    <line>
      <![CDATA[[Test 35 steps 'STARTS'] ]]>
    </line>
    <line>
      <![CDATA[01.Clicked on 'Select Import File' button]]>
    </line>
    <line>
      <![CDATA[01.Clicked on 'Select Import File' button]]>
    </line>
    <line>
      <![CDATA[05.Choosing excel file(having records) from System Directory to perform Import functionility]]>
    </line>
    <line>
      <![CDATA[05.Choosing excel file(having records) from System Directory to perform Import functionility]]>
    </line>
    <line>
      <![CDATA[06.Clicked on 'Upload' button]]>
    </line>
    <line>
      <![CDATA[06.Clicked on 'Upload' button]]>
    </line>
    <line>
      <![CDATA[04.Clicked on 'Import file' button once file uploaded successfully]]>
    </line>
    <line>
      <![CDATA[04.Clicked on 'Import file' button once file uploaded successfully]]>
    </line>
    <line>
      <![CDATA[[Test 35 steps 'ENDS'] ]]>
    </line>
    <line>
      <![CDATA[[Test 35 steps 'ENDS'] ]]>
    </line>
    <line>
      <![CDATA[************************************[ Test 35--> 'Importing records with Error(With Error Records)' is ''PASSED'' ]************************************ ]]>
    </line>
    <line>
      <![CDATA[******[ Test 35--> 'Importing records with Error(With Error Records)' is ''PASSED'' ]****** ]]>
    </line>
    <line>
      <![CDATA[ ]]>
    </line>
    <line>
      <![CDATA[ ]]>
    </line>
    <line>
      <![CDATA[************************************[ Test 36--> 'Insertion of new data' ]************************************ ]]>
    </line>
    <line>
      <![CDATA[******[ Test 36--> 'Insertion of new data' ]****** ]]>
    </line>
    <line>
      <![CDATA[[Test 36 steps 'STARTS'] ]]>
    </line>
    <line>
      <![CDATA[[Test 36 steps 'STARTS'] ]]>
    </line>
    <line>
      <![CDATA[01.Clicked on 'Select Import File' button]]>
    </line>
    <line>
      <![CDATA[01.Clicked on 'Select Import File' button]]>
    </line>
    <line>
      <![CDATA[05.Choosing excel file(having records) from System Directory to perform Import functionility]]>
    </line>
    <line>
      <![CDATA[05.Choosing excel file(having records) from System Directory to perform Import functionility]]>
    </line>
    <line>
      <![CDATA[06.Clicked on 'Upload' button]]>
    </line>
    <line>
      <![CDATA[06.Clicked on 'Upload' button]]>
    </line>
    <line>
      <![CDATA[04.Clicked on 'Import file' button once file uploaded successfully]]>
    </line>
    <line>
      <![CDATA[04.Clicked on 'Import file' button once file uploaded successfully]]>
    </line>
    <line>
      <![CDATA[Clicked on 'Error Report' button to print error report in PDF format]]>
    </line>
    <line>
      <![CDATA[Clicked on 'Error Report' button to print error report in PDF format]]>
    </line>
    <line>
      <![CDATA[[Test 36 steps 'ENDS'] ]]>
    </line>
    <line>
      <![CDATA[[Test 36 steps 'ENDS'] ]]>
    </line>
    <line>
      <![CDATA[************************************[ Test 36--> 'To print Error records in PDF(Error Report Print) format' is ''PASSED'' ]************************************ ]]>
    </line>
    <line>
      <![CDATA[******[ Test 36--> 'To print Error records in PDF(Error Report Print) format' is ''PASSED'' ]****** ]]>
    </line>
    <line>
      <![CDATA[ ]]>
    </line>
    <line>
      <![CDATA[ ]]>
    </line>
    <line>
      <![CDATA[************************************[ Test 37--> 'To print records in Excel(Export Excel sheet/file) format' ]************************************ ]]>
    </line>
    <line>
      <![CDATA[******[ Test 37--> 'To print records in Excel(Export Excel sheet/file) format' ]****** ]]>
    </line>
    <line>
      <![CDATA[[Test 37 steps 'STARTS'] ]]>
    </line>
    <line>
      <![CDATA[[Test 37 steps 'STARTS'] ]]>
    </line>
    <line>
      <![CDATA[01.Clicked on 'Select Import File' button]]>
    </line>
    <line>
      <![CDATA[01.Clicked on 'Select Import File' button]]>
    </line>
    <line>
      <![CDATA[05.Choosing excel file(having records) from System Directory to perform Import functionility]]>
    </line>
    <line>
      <![CDATA[05.Choosing excel file(having records) from System Directory to perform Import functionility]]>
    </line>
    <line>
      <![CDATA[06.Clicked on 'Upload' button]]>
    </line>
    <line>
      <![CDATA[06.Clicked on 'Upload' button]]>
    </line>
    <line>
      <![CDATA[04.Clicked on 'Import file' button once file uploaded successfully]]>
    </line>
    <line>
      <![CDATA[04.Clicked on 'Import file' button once file uploaded successfully]]>
    </line>
    <line>
      <![CDATA[Clicked on 'Export Excel Sheet' button to export records in excel format]]>
    </line>
    <line>
      <![CDATA[Clicked on 'Export Excel Sheet' button to export records in excel format]]>
    </line>
    <line>
      <![CDATA[[Test 37 steps 'ENDS'] ]]>
    </line>
    <line>
      <![CDATA[[Test 37 steps 'ENDS'] ]]>
    </line>
    <line>
      <![CDATA[************************************[ Test 37--> 'To print records in Excel(Export Excel sheet/file) format' is ''PASSED'' ]************************************ ]]>
    </line>
    <line>
      <![CDATA[******[ Test 37--> 'To print records in Excel(Export Excel sheet/file) format' is ''PASSED'' ]****** ]]>
    </line>
    <line>
      <![CDATA[ ]]>
    </line>
    <line>
      <![CDATA[ ]]>
    </line>
    <line>
      <![CDATA[************************************[ Test 38--> 'Importing records as BULK' ]************************************ ]]>
    </line>
    <line>
      <![CDATA[******[ Test 38--> 'Importing records as BULK' ]****** ]]>
    </line>
    <line>
      <![CDATA[[Test 38 steps 'STARTS'] ]]>
    </line>
    <line>
      <![CDATA[[Test 38 steps 'STARTS'] ]]>
    </line>
    <line>
      <![CDATA[01.Clicked on 'Select Import File' button]]>
    </line>
    <line>
      <![CDATA[01.Clicked on 'Select Import File' button]]>
    </line>
    <line>
      <![CDATA[05.Choosing excel file(having records) from System Directory to perform Import functionility]]>
    </line>
    <line>
      <![CDATA[05.Choosing excel file(having records) from System Directory to perform Import functionility]]>
    </line>
    <line>
      <![CDATA[06.Clicked on 'Upload' button]]>
    </line>
    <line>
      <![CDATA[06.Clicked on 'Upload' button]]>
    </line>
    <line>
      <![CDATA[04.Clicked on 'Import file' button once file uploaded successfully]]>
    </line>
    <line>
      <![CDATA[04.Clicked on 'Import file' button once file uploaded successfully]]>
    </line>
    <line>
      <![CDATA[[Test 38 steps 'ENDS'] ]]>
    </line>
    <line>
      <![CDATA[[Test 38 steps 'ENDS'] ]]>
    </line>
    <line>
      <![CDATA[************************************[ Test 38--> 'Importing records as BULK' is ''PASSED'' ]************************************ ]]>
    </line>
    <line>
      <![CDATA[******[ Test 38--> 'Importing records as BULK' is ''PASSED'' ]****** ]]>
    </line>
    <line>
      <![CDATA[ ]]>
    </line>
    <line>
      <![CDATA[ ]]>
    </line>
    <line>
      <![CDATA[************************************[ Test 39--> 'Insertion of new data' ]************************************ ]]>
    </line>
    <line>
      <![CDATA[******[ Test 39--> 'Insertion of new data' ]****** ]]>
    </line>
    <line>
      <![CDATA[[Test 39 steps 'STARTS'] ]]>
    </line>
    <line>
      <![CDATA[[Test 39 steps 'STARTS'] ]]>
    </line>
    <line>
      <![CDATA[01.Clicked on 'Select Import File' button]]>
    </line>
    <line>
      <![CDATA[01.Clicked on 'Select Import File' button]]>
    </line>
    <line>
      <![CDATA[05.Choosing excel file(having records) from System Directory to perform Import functionility]]>
    </line>
    <line>
      <![CDATA[05.Choosing excel file(having records) from System Directory to perform Import functionility]]>
    </line>
    <line>
      <![CDATA[06.Clicked on 'Upload' button]]>
    </line>
    <line>
      <![CDATA[06.Clicked on 'Upload' button]]>
    </line>
    <line>
      <![CDATA[04.Clicked on 'Import file' button once file uploaded successfully]]>
    </line>
    <line>
      <![CDATA[04.Clicked on 'Import file' button once file uploaded successfully]]>
    </line>
    <line>
      <![CDATA[Store Location is JGC-6S]]>
    </line>
    <line>
      <![CDATA[Store Location is JGC-6S]]>
    </line>
    <line>
      <![CDATA[[Test 39 steps 'ENDS'] ]]>
    </line>
    <line>
      <![CDATA[[Test 39 steps 'ENDS'] ]]>
    </line>
    <line>
      <![CDATA[************************************[ Test 39--> 'To verify Store Location as we seted initially' is ''PASSED'' ]************************************ ]]>
    </line>
    <line>
      <![CDATA[******[ Test 39--> 'To verify Store Location as we seted initially' is ''PASSED'' ]****** ]]>
    </line>
    <line>
      <![CDATA[ ]]>
    </line>
    <line>
      <![CDATA[ ]]>
    </line>
    <line>
      <![CDATA[************************************[ Test 40--> 'To verify importing records in Potrait mode' ]************************************ ]]>
    </line>
    <line>
      <![CDATA[******[ Test 40--> 'To verify importing records in Potrait mode' ]****** ]]>
    </line>
    <line>
      <![CDATA[[Test 40 steps 'STARTS'] ]]>
    </line>
    <line>
      <![CDATA[[Test 40 steps 'STARTS'] ]]>
    </line>
    <line>
      <![CDATA[01.Clicked on 'Select Import File' button]]>
    </line>
    <line>
      <![CDATA[01.Clicked on 'Select Import File' button]]>
    </line>
    <line>
      <![CDATA[05.Choosing excel file(having records) from System Directory to perform Import functionility]]>
    </line>
    <line>
      <![CDATA[05.Choosing excel file(having records) from System Directory to perform Import functionility]]>
    </line>
    <line>
      <![CDATA[06.Clicked on 'Upload' button]]>
    </line>
    <line>
      <![CDATA[06.Clicked on 'Upload' button]]>
    </line>
    <line>
      <![CDATA[04.Clicked on 'Import file' button once file uploaded successfully]]>
    </line>
    <line>
      <![CDATA[04.Clicked on 'Import file' button once file uploaded successfully]]>
    </line>
    <line>
      <![CDATA[Clicked on 'Mac menu Potrait' button to view records in Potrait]]>
    </line>
    <line>
      <![CDATA[Clicked on 'Mac menu Potrait' button to view records in Potrait]]>
    </line>
    <line>
      <![CDATA[Clicked on 'Mac menu Potrait' button to view records in Potrait]]>
    </line>
    <line>
      <![CDATA[Clicked on 'Mac menu Potrait' button to view records in Potrait]]>
    </line>
    <line>
      <![CDATA[[Test 40 steps 'ENDS'] ]]>
    </line>
    <line>
      <![CDATA[[Test 40 steps 'ENDS'] ]]>
    </line>
    <line>
      <![CDATA[************************************[ Test 40--> 'To verify importing records in Potrait mode' is ''PASSED'' ]************************************ ]]>
    </line>
    <line>
      <![CDATA[******[ Test 40--> 'To verify importing records in Potrait mode' is ''PASSED'' ]****** ]]>
    </line>
    <line>
      <![CDATA[ ]]>
    </line>
    <line>
      <![CDATA[ ]]>
    </line>
    <line>
      <![CDATA[************************************[ Test 41--> 'To verify IMPORTED record(contains Special Symbols as 'PO No') is displaying in DM screen or not!' ]************************************ ]]>
    </line>
    <line>
      <![CDATA[******[ Test 41--> 'To verify IMPORTED record(contains Special Symbols as 'PO No') is displaying in DM screen or not!' ]****** ]]>
    </line>
    <line>
      <![CDATA[[Test 41 steps 'STARTS'] ]]>
    </line>
    <line>
      <![CDATA[[Test 41 steps 'STARTS'] ]]>
    </line>
    <line>
      <![CDATA[01.Clicked on 'Select Import File' button]]>
    </line>
    <line>
      <![CDATA[01.Clicked on 'Select Import File' button]]>
    </line>
    <line>
      <![CDATA[05.Choosing excel file(having records) from System Directory to perform Import functionility]]>
    </line>
    <line>
      <![CDATA[05.Choosing excel file(having records) from System Directory to perform Import functionility]]>
    </line>
    <line>
      <![CDATA[06.Clicked on 'Upload' button]]>
    </line>
    <line>
      <![CDATA[06.Clicked on 'Upload' button]]>
    </line>
    <line>
      <![CDATA[04.Clicked on 'Import file' button once file uploaded successfully]]>
    </line>
    <line>
      <![CDATA[04.Clicked on 'Import file' button once file uploaded successfully]]>
    </line>
    <line>
      <![CDATA[05.Clicked on 'Import file' button once file uploaded successfully]]>
    </line>
    <line>
      <![CDATA[05.Clicked on 'Import file' button once file uploaded successfully]]>
    </line>
    <line>
      <![CDATA[06.Clicked on DATA MAINTAINCE menu(arrow)]]>
    </line>
    <line>
      <![CDATA[06.Clicked on DATA MAINTAINCE menu(arrow)]]>
    </line>
    <line>
      <![CDATA[07.Clicked of 'Receiving Data' under Data Maintainance]]>
    </line>
    <line>
      <![CDATA[07.Clicked of 'Receiving Data' under Data Maintainance]]>
    </line>
    <line>
      <![CDATA[08.Clicked on 'PO' Screen]]>
    </line>
    <line>
      <![CDATA[08.Clicked on 'PO' Screen]]>
    </line>
    <line>
      <![CDATA[09.Clicked inside 'PO No' field ]]>
    </line>
    <line>
      <![CDATA[09.Clicked inside 'PO No' field ]]>
    </line>
    <line>
      <![CDATA[10.Clicked on 'Go' button]]>
    </line>
    <line>
      <![CDATA[10.Clicked on 'Go' button]]>
    </line>
    <line>
      <![CDATA[[Test 41 steps 'ENDS'] ]]>
    </line>
    <line>
      <![CDATA[[Test 41 steps 'ENDS'] ]]>
    </line>
    <line>
      <![CDATA[************************************[ Test 41--> 'To verify IMPORTED record(contains Special Symbols as 'PO No') is displaying in DM screen or not!' is ''PASSED'' ]************************************ ]]>
    </line>
    <line>
      <![CDATA[******[ Test 41--> 'To verify IMPORTED record(contains Special Symbols as 'PO No') is displaying in DM screen or not!' is ''PASSED'' ]****** ]]>
    </line>
    <line>
      <![CDATA[ ]]>
    </line>
    <line>
      <![CDATA[ ]]>
    </line>
    <line>
      <![CDATA[************************************[ Test 42--> 'To verify IMPORTED record is displaying in DM screen or not! for 'PO Qty' data' ]************************************ ]]>
    </line>
    <line>
      <![CDATA[******[ Test 42--> 'To verify IMPORTED record is displaying in DM screen or not! for 'PO Qty' data' ]****** ]]>
    </line>
    <line>
      <![CDATA[[Test 42 steps 'STARTS'] ]]>
    </line>
    <line>
      <![CDATA[[Test 42 steps 'STARTS'] ]]>
    </line>
    <line>
      <![CDATA[01.Clicked on 'Select Import File' button]]>
    </line>
    <line>
      <![CDATA[01.Clicked on 'Select Import File' button]]>
    </line>
    <line>
      <![CDATA[05.Choosing excel file(having records) from System Directory to perform Import functionility]]>
    </line>
    <line>
      <![CDATA[05.Choosing excel file(having records) from System Directory to perform Import functionility]]>
    </line>
    <line>
      <![CDATA[06.Clicked on 'Upload' button]]>
    </line>
    <line>
      <![CDATA[06.Clicked on 'Upload' button]]>
    </line>
    <line>
      <![CDATA[04.Clicked on 'Import file' button once file uploaded successfully]]>
    </line>
    <line>
      <![CDATA[04.Clicked on 'Import file' button once file uploaded successfully]]>
    </line>
    <line>
      <![CDATA[09.Clicked inside 'PO No' field]]>
    </line>
    <line>
      <![CDATA[09.Clicked inside 'PO No' field]]>
    </line>
    <line>
      <![CDATA[10.Clicked on 'Go' button]]>
    </line>
    <line>
      <![CDATA[10.Clicked on 'Go' button]]>
    </line>
    <line>
      <![CDATA[[Test 42 steps 'ENDS'] ]]>
    </line>
    <line>
      <![CDATA[[Test 42 steps 'ENDS'] ]]>
    </line>
    <line>
      <![CDATA[************************************[ Test 42--> 'To verify IMPORTED record is displaying in DM screen or not! for 'PO Qty' data' is ''PASSED'' ]************************************ ]]>
    </line>
    <line>
      <![CDATA[******[ Test 42--> 'To verify IMPORTED record is displaying in DM screen or not! for 'PO Qty' data' is ''PASSED'' ]****** ]]>
    </line>
    <line>
      <![CDATA[ ]]>
    </line>
    <line>
      <![CDATA[ ]]>
    </line>
    <line>
      <![CDATA[************************************[ Test 43--> 'To verify Store Location is displaying or not(as we Seted initially' data' ]************************************ ]]>
    </line>
    <line>
      <![CDATA[******[ Test 43--> 'To verify Store Location is displaying or not(as we Seted initially' ]****** ]]>
    </line>
    <line>
      <![CDATA[[Test 43 steps 'STARTS'] ]]>
    </line>
    <line>
      <![CDATA[[Test 43 steps 'STARTS'] ]]>
    </line>
    <line>
      <![CDATA[[Test 43 steps 'ENDS'] ]]>
    </line>
    <line>
      <![CDATA[[Test 43 steps 'ENDS'] ]]>
    </line>
    <line>
      <![CDATA[************************************[ Test 43--> 'To verify Store Location is displaying or not(as we Seted initially' is ''PASSED'' ]************************************ ]]>
    </line>
    <line>
      <![CDATA[******[ Test 43--> 'To verify Store Location is displaying or not(as we Seted initially' is ''PASSED'' ]****** ]]>
    </line>
    <line>
      <![CDATA[ ]]>
    </line>
    <line>
      <![CDATA[ ]]>
    </line>
  </reporter-output>
  <suite started-at="2023-07-07T14:59:17 IST" name="Default suite" finished-at="2023-07-07T15:13:00 IST" duration-ms="822979">
    <groups>
    </groups>
    <test started-at="2023-07-07T14:59:17 IST" name="Default test" finished-at="2023-07-07T15:13:00 IST" duration-ms="822979">
      <class name="com.csm.qa.test2.LoginPageTest">
        <test-method is-config="true" signature="startReport()[pri:0, instance:com.csm.qa.test2.LoginPageTest@292b08d6]" started-at="2023-07-07T14:59:17 IST" name="startReport" finished-at="2023-07-07T14:59:17 IST" duration-ms="4" status="PASS">
          <reporter-output>
          </reporter-output>
        </test-method> <!-- startReport -->
        <test-method signature="Test1()[pri:1, instance:com.csm.qa.test2.LoginPageTest@292b08d6]" started-at="2023-07-07T14:59:17 IST" name="Test1" finished-at="2023-07-07T15:00:43 IST" duration-ms="86390" status="PASS">
          <reporter-output>
            <line>
              <![CDATA[************************************[ Test 1--> 'Importing new record' ]************************************ ]]>
            </line>
            <line>
              <![CDATA[******[ Test 1--> 'Importing new record' ]****** ]]>
            </line>
            <line>
              <![CDATA[[Test 1 steps 'STARTS'] ]]>
            </line>
            <line>
              <![CDATA[[Test 1 steps 'STARTS'] ]]>
            </line>
            <line>
[...]
              </value>
            </param>
          </params>
          <reporter-output>
          </reporter-output>
        </test-method> <!-- getResult -->
        <test-method signature="Test39()[pri:39, instance:com.csm.qa.test2.LoginPageTest@292b08d6]" started-at="2023-07-07T15:10:58 IST" name="Test39" finished-at="2023-07-07T15:11:18 IST" duration-ms="20505" status="PASS">
          <reporter-output>
            <line>
              <![CDATA[************************************[ Test 39--> 'Insertion of new data' ]************************************ ]]>
            </line>
            <line>
              <![CDATA[******[ Test 39--> 'Insertion of new data' ]****** ]]>
            </line>
            <line>
              <![CDATA[[Test 39 steps 'STARTS'] ]]>
            </line>
            <line>
              <![CDATA[[Test 39 steps 'STARTS'] ]]>
            </line>
            <line>
              <![CDATA[01.Clicked on 'Select Import File' button]]>
            </line>
            <line>
              <![CDATA[01.Clicked on 'Select Import File' button]]>
            </line>
            <line>
              <![CDATA[05.Choosing excel file(having records) from System Directory to perform Import functionility]]>
            </line>
            <line>
              <![CDATA[05.Choosing excel file(having records) from System Directory to perform Import functionility]]>
            </line>
            <line>
              <![CDATA[06.Clicked on 'Upload' button]]>
            </line>
            <line>
              <![CDATA[06.Clicked on 'Upload' button]]>
            </line>
            <line>
              <![CDATA[04.Clicked on 'Import file' button once file uploaded successfully]]>
            </line>
            <line>
              <![CDATA[04.Clicked on 'Import file' button once file uploaded successfully]]>
            </line>
            <line>
              <![CDATA[Store Location is JGC-6S]]>
            </line>
            <line>
              <![CDATA[Store Location is JGC-6S]]>
            </line>
            <line>
              <![CDATA[[Test 39 steps 'ENDS'] ]]>
            </line>
            <line>
              <![CDATA[[Test 39 steps 'ENDS'] ]]>
            </line>
            <line>
              <![CDATA[************************************[ Test 39--> 'To verify Store Location as we seted initially' is ''PASSED'' ]************************************ ]]>
            </line>
            <line>
              <![CDATA[******[ Test 39--> 'To verify Store Location as we seted initially' is ''PASSED'' ]****** ]]>
            </line>
            <line>
              <![CDATA[ ]]>
            </line>
            <line>
              <![CDATA[ ]]>
            </line>
          </reporter-output>
        </test-method> <!-- Test39 -->
        <test-method is-config="true" signature="getResult(org.testng.ITestResult)[pri:0, instance:com.csm.qa.test2.LoginPageTest@292b08d6]" started-at="2023-07-07T15:11:18 IST" name="getResult" finished-at="2023-07-07T15:11:18 IST" duration-ms="1" status="PASS">
          <params>
            <param index="0">
              <value>
                <![CDATA[[TestResult name=Test39 status=SUCCESS method=LoginPageTest.Test39()[pri:39, instance:com.csm.qa.test2.LoginPageTest@292b08d6] output=************************************[ Test 39--> 'Insertion of new data' ]************************************ ]]]>
              </value>
            </param>
          </params>
          <reporter-output>
          </reporter-output>
        </test-method> <!-- getResult -->
        <test-method signature="Test40()[pri:40, instance:com.csm.qa.test2.LoginPageTest@292b08d6]" started-at="2023-07-07T15:11:18 IST" name="Test40" finished-at="2023-07-07T15:11:43 IST" duration-ms="24546" status="PASS">
          <reporter-output>
            <line>
              <![CDATA[************************************[ Test 40--> 'To verify importing records in Potrait mode' ]************************************ ]]>
            </line>
            <line>
              <![CDATA[******[ Test 40--> 'To verify importing records in Potrait mode' ]****** ]]>
            </line>
            <line>
              <![CDATA[[Test 40 steps 'STARTS'] ]]>
            </line>
            <line>
              <![CDATA[[Test 40 steps 'STARTS'] ]]>
            </line>
            <line>
              <![CDATA[01.Clicked on 'Select Import File' button]]>
            </line>
            <line>
              <![CDATA[01.Clicked on 'Select Import File' button]]>
            </line>
            <line>
              <![CDATA[05.Choosing excel file(having records) from System Directory to perform Import functionility]]>
            </line>
            <line>
              <![CDATA[05.Choosing excel file(having records) from System Directory to perform Import functionility]]>
            </line>
            <line>
              <![CDATA[06.Clicked on 'Upload' button]]>
            </line>
            <line>
              <![CDATA[06.Clicked on 'Upload' button]]>
            </line>
            <line>
              <![CDATA[04.Clicked on 'Import file' button once file uploaded successfully]]>
            </line>
            <line>
              <![CDATA[04.Clicked on 'Import file' button once file uploaded successfully]]>
            </line>
            <line>
              <![CDATA[Clicked on 'Mac menu Potrait' button to view records in Potrait]]>
            </line>
            <line>
              <![CDATA[Clicked on 'Mac menu Potrait' button to view records in Potrait]]>
            </line>
            <line>
              <![CDATA[Clicked on 'Mac menu Potrait' button to view records in Potrait]]>
            </line>
            <line>
              <![CDATA[Clicked on 'Mac menu Potrait' button to view records in Potrait]]>
            </line>
            <line>
              <![CDATA[[Test 40 steps 'ENDS'] ]]>
            </line>
            <line>
              <![CDATA[[Test 40 steps 'ENDS'] ]]>
            </line>
            <line>
              <![CDATA[************************************[ Test 40--> 'To verify importing records in Potrait mode' is ''PASSED'' ]************************************ ]]>
            </line>
            <line>
              <![CDATA[******[ Test 40--> 'To verify importing records in Potrait mode' is ''PASSED'' ]****** ]]>
            </line>
            <line>
              <![CDATA[ ]]>
            </line>
            <line>
              <![CDATA[ ]]>
            </line>
          </reporter-output>
        </test-method> <!-- Test40 -->
        <test-method signature="Test41()[pri:41, instance:com.csm.qa.test2.LoginPageTest@292b08d6]" started-at="2023-07-07T15:11:43 IST" name="Test41" finished-at="2023-07-07T15:12:19 IST" duration-ms="36171" status="PASS">
          <reporter-output>
            <line>
              <![CDATA[************************************[ Test 41--> 'To verify IMPORTED record(contains Special Symbols as 'PO No') is displaying in DM screen or not!' ]************************************ ]]>
            </line>
            <line>
              <![CDATA[******[ Test 41--> 'To verify IMPORTED record(contains Special Symbols as 'PO No') is displaying in DM screen or not!' ]****** ]]>
            </line>
            <line>
              <![CDATA[[Test 41 steps 'STARTS'] ]]>
            </line>
            <line>
              <![CDATA[[Test 41 steps 'STARTS'] ]]>
            </line>
            <line>
              <![CDATA[01.Clicked on 'Select Import File' button]]>
            </line>
            <line>
              <![CDATA[01.Clicked on 'Select Import File' button]]>
            </line>
            <line>
              <![CDATA[05.Choosing excel file(having records) from System Directory to perform Import functionility]]>
            </line>
            <line>
              <![CDATA[05.Choosing excel file(having records) from System Directory to perform Import functionility]]>
            </line>
            <line>
              <![CDATA[06.Clicked on 'Upload' button]]>
            </line>
            <line>
              <![CDATA[06.Clicked on 'Upload' button]]>
            </line>
            <line>
              <![CDATA[04.Clicked on 'Import file' button once file uploaded successfully]]>
            </line>
            <line>
              <![CDATA[04.Clicked on 'Import file' button once file uploaded successfully]]>
            </line>
            <line>
              <![CDATA[05.Clicked on 'Import file' button once file uploaded successfully]]>
            </line>
            <line>
              <![CDATA[05.Clicked on 'Import file' button once file uploaded successfully]]>
            </line>
            <line>
              <![CDATA[06.Clicked on DATA MAINTAINCE menu(arrow)]]>
            </line>
            <line>
              <![CDATA[06.Clicked on DATA MAINTAINCE menu(arrow)]]>
            </line>
            <line>
              <![CDATA[07.Clicked of 'Receiving Data' under Data Maintainance]]>
            </line>
            <line>
              <![CDATA[07.Clicked of 'Receiving Data' under Data Maintainance]]>
            </line>
            <line>
              <![CDATA[08.Clicked on 'PO' Screen]]>
            </line>
            <line>
              <![CDATA[08.Clicked on 'PO' Screen]]>
            </line>
            <line>
              <![CDATA[09.Clicked inside 'PO No' field ]]>
            </line>
            <line>
              <![CDATA[09.Clicked inside 'PO No' field ]]>
            </line>
            <line>
              <![CDATA[10.Clicked on 'Go' button]]>
            </line>
            <line>
              <![CDATA[10.Clicked on 'Go' button]]>
            </line>
            <line>
              <![CDATA[[Test 41 steps 'ENDS'] ]]>
            </line>
            <line>
              <![CDATA[[Test 41 steps 'ENDS'] ]]>
            </line>
            <line>
              <![CDATA[************************************[ Test 41--> 'To verify IMPORTED record(contains Special Symbols as 'PO No') is displaying in DM screen or not!' is ''PASSED'' ]************************************ ]]>
            </line>
            <line>
              <![CDATA[******[ Test 41--> 'To verify IMPORTED record(contains Special Symbols as 'PO No') is displaying in DM screen or not!' is ''PASSED'' ]****** ]]>
            </line>
            <line>
              <![CDATA[ ]]>
            </line>
            <line>
              <![CDATA[ ]]>
            </line>
          </reporter-output>
        </test-method> <!-- Test41 -->
        <test-method is-config="true" signature="getResult(org.testng.ITestResult)[pri:0, instance:com.csm.qa.test2.LoginPageTest@292b08d6]" started-at="2023-07-07T15:11:43 IST" name="getResult" finished-at="2023-07-07T15:11:43 IST" duration-ms="0" status="PASS">
          <params>
            <param index="0">
              <value>
                <![CDATA[[TestResult name=Test40 status=SUCCESS method=LoginPageTest.Test40()[pri:40, instance:com.csm.qa.test2.LoginPageTest@292b08d6] output=************************************[ Test 40--> 'To verify importing records in Potrait mode' ]************************************ ]]]>
              </value>
            </param>
          </params>
          <reporter-output>
          </reporter-output>
        </test-method> <!-- getResult -->
        <test-method is-config="true" signature="getResult(org.testng.ITestResult)[pri:0, instance:com.csm.qa.test2.LoginPageTest@292b08d6]" started-at="2023-07-07T15:12:19 IST" name="getResult" finished-at="2023-07-07T15:12:19 IST" duration-ms="0" status="PASS">
          <params>
            <param index="0">
              <value>
                <![CDATA[[TestResult name=Test41 status=SUCCESS method=LoginPageTest.Test41()[pri:41, instance:com.csm.qa.test2.LoginPageTest@292b08d6] output=************************************[ Test 41--> 'To verify IMPORTED record(contains Special Symbols as 'PO No') is displaying in DM screen or not!' ]************************************ ]]]>
              </value>
            </param>
          </params>
          <reporter-output>
          </reporter-output>
        </test-method> <!-- getResult -->
        <test-method signature="Test42()[pri:42, instance:com.csm.qa.test2.LoginPageTest@292b08d6]" started-at="2023-07-07T15:12:19 IST" name="Test42" finished-at="2023-07-07T15:12:50 IST" duration-ms="30699" status="PASS">
          <reporter-output>
            <line>
              <![CDATA[************************************[ Test 42--> 'To verify IMPORTED record is displaying in DM screen or not! for 'PO Qty' data' ]************************************ ]]>
            </line>
            <line>
              <![CDATA[******[ Test 42--> 'To verify IMPORTED record is displaying in DM screen or not! for 'PO Qty' data' ]****** ]]>
            </line>
            <line>
              <![CDATA[[Test 42 steps 'STARTS'] ]]>
            </line>
            <line>
              <![CDATA[[Test 42 steps 'STARTS'] ]]>
            </line>
            <line>
              <![CDATA[01.Clicked on 'Select Import File' button]]>
            </line>
            <line>
              <![CDATA[01.Clicked on 'Select Import File' button]]>
            </line>
            <line>
              <![CDATA[05.Choosing excel file(having records) from System Directory to perform Import functionility]]>
            </line>
            <line>
              <![CDATA[05.Choosing excel file(having records) from System Directory to perform Import functionility]]>
            </line>
            <line>
              <![CDATA[06.Clicked on 'Upload' button]]>
            </line>
            <line>
              <![CDATA[06.Clicked on 'Upload' button]]>
            </line>
            <line>
              <![CDATA[04.Clicked on 'Import file' button once file uploaded successfully]]>
            </line>
            <line>
              <![CDATA[04.Clicked on 'Import file' button once file uploaded successfully]]>
            </line>
            <line>
              <![CDATA[09.Clicked inside 'PO No' field]]>
            </line>
            <line>
              <![CDATA[09.Clicked inside 'PO No' field]]>
            </line>
            <line>
              <![CDATA[10.Clicked on 'Go' button]]>
            </line>
            <line>
              <![CDATA[10.Clicked on 'Go' button]]>
            </line>
            <line>
              <![CDATA[[Test 42 steps 'ENDS'] ]]>
            </line>
            <line>
              <![CDATA[[Test 42 steps 'ENDS'] ]]>
            </line>
            <line>
              <![CDATA[************************************[ Test 42--> 'To verify IMPORTED record is displaying in DM screen or not! for 'PO Qty' data' is ''PASSED'' ]************************************ ]]>
            </line>
            <line>
              <![CDATA[******[ Test 42--> 'To verify IMPORTED record is displaying in DM screen or not! for 'PO Qty' data' is ''PASSED'' ]****** ]]>
            </line>
            <line>
              <![CDATA[ ]]>
            </line>
            <line>
              <![CDATA[ ]]>
            </line>
          </reporter-output>
        </test-method> <!-- Test42 -->
        <test-method is-config="true" signature="getResult(org.testng.ITestResult)[pri:0, instance:com.csm.qa.test2.LoginPageTest@292b08d6]" started-at="2023-07-07T15:12:50 IST" name="getResult" finished-at="2023-07-07T15:12:50 IST" duration-ms="1" status="PASS">
          <params>
            <param index="0">
              <value>
                <![CDATA[[TestResult name=Test42 status=SUCCESS method=LoginPageTest.Test42()[pri:42, instance:com.csm.qa.test2.LoginPageTest@292b08d6] output=************************************[ Test 42--> 'To verify IMPORTED record is displaying in DM screen or not! for 'PO Qty' data' ]************************************ ]]]>
              </value>
            </param>
          </params>
          <reporter-output>
          </reporter-output>
        </test-method> <!-- getResult -->
        <test-method signature="Test43()[pri:43, instance:com.csm.qa.test2.LoginPageTest@292b08d6]" started-at="2023-07-07T15:12:50 IST" name="Test43" finished-at="2023-07-07T15:12:59 IST" duration-ms="9301" status="PASS">
          <reporter-output>
            <line>
              <![CDATA[************************************[ Test 43--> 'To verify Store Location is displaying or not(as we Seted initially' data' ]************************************ ]]>
            </line>
            <line>
              <![CDATA[******[ Test 43--> 'To verify Store Location is displaying or not(as we Seted initially' ]****** ]]>
            </line>
            <line>
              <![CDATA[[Test 43 steps 'STARTS'] ]]>
            </line>
            <line>
              <![CDATA[[Test 43 steps 'STARTS'] ]]>
            </line>
            <line>
              <![CDATA[[Test 43 steps 'ENDS'] ]]>
            </line>
            <line>
              <![CDATA[[Test 43 steps 'ENDS'] ]]>
            </line>
            <line>
              <![CDATA[************************************[ Test 43--> 'To verify Store Location is displaying or not(as we Seted initially' is ''PASSED'' ]************************************ ]]>
            </line>
            <line>
              <![CDATA[******[ Test 43--> 'To verify Store Location is displaying or not(as we Seted initially' is ''PASSED'' ]****** ]]>
            </line>
            <line>
              <![CDATA[ ]]>
            </line>
            <line>
              <![CDATA[ ]]>
            </line>
          </reporter-output>
        </test-method> <!-- Test43 -->
        <test-method is-config="true" signature="getResult(org.testng.ITestResult)[pri:0, instance:com.csm.qa.test2.LoginPageTest@292b08d6]" started-at="2023-07-07T15:12:59 IST" name="getResult" finished-at="2023-07-07T15:12:59 IST" duration-ms="1" status="PASS">
          <params>
            <param index="0">
              <value>
                <![CDATA[[TestResult name=Test43 status=SUCCESS method=LoginPageTest.Test43()[pri:43, instance:com.csm.qa.test2.LoginPageTest@292b08d6] output=************************************[ Test 43--> 'To verify Store Location is displaying or not(as we Seted initially' data' ]************************************ ]]]>
              </value>
            </param>
          </params>
          <reporter-output>
          </reporter-output>
        </test-method> <!-- getResult -->
        <test-method is-config="true" signature="endReport()[pri:0, instance:com.csm.qa.test2.LoginPageTest@292b08d6]" started-at="2023-07-07T15:12:59 IST" name="endReport" finished-at="2023-07-07T15:13:00 IST" duration-ms="122" status="PASS">
          <reporter-output>
          </reporter-output>
        </test-method> <!-- endReport -->
      </class> <!-- com.csm.qa.test2.LoginPageTest -->
      <class name="com.csm.qa.test.LoginPageTest">
        <test-method is-config="true" signature="startReport()[pri:0, instance:com.csm.qa.test.LoginPageTest@6a6cb05c]" started-at="2023-07-07T14:59:17 IST" name="startReport" finished-at="2023-07-07T14:59:17 IST" duration-ms="128" status="PASS">
          <reporter-output>
          </reporter-output>
        </test-method> <!-- startReport -->
        <test-method is-config="true" signature="endReport()[pri:0, instance:com.csm.qa.test.LoginPageTest@6a6cb05c]" started-at="2023-07-07T15:12:59 IST" name="endReport" finished-at="2023-07-07T15:12:59 IST" duration-ms="208" status="PASS">
          <reporter-output>
          </reporter-output>
        </test-method> <!-- endReport -->
      </class> <!-- com.csm.qa.test.LoginPageTest -->
    </test> <!-- Default test -->
  </suite> <!-- Default suite -->
</testng-results>
