<?xml version="1.0" encoding="UTF-8"?>
<testng-results ignored="0" total="1" passed="1" failed="0" skipped="0">
  <reporter-output>
    <line>
      <![CDATA[ ]]>
    </line>
    <line>
      <![CDATA[************************************[ Test 1--> Insertion of new data ]**************************************************** ]]>
    </line>
    <line>
      <![CDATA[******[ Test 1--> Insertion of new data ]****** ]]>
    </line>
    <line>
      <![CDATA[[Test 1 steps 'STARTS'] ]]>
    </line>
    <line>
      <![CDATA[[Test 1 steps 'STARTS'] ]]>
    </line>
    <line>
      <![CDATA[01.Clicked on 'Insert' button to add new Record]]>
    </line>
    <line>
      <![CDATA[01.Clicked on 'Insert' button to add new Record]]>
    </line>
    <line>
      <![CDATA[02.Inserting 'PO No.' field ]]>
    </line>
    <line>
      <![CDATA[02.Inserting 'PO No.' field ]]>
    </line>
    <line>
      <![CDATA[03.Choosing 'Company code' field ]]>
    </line>
    <line>
      <![CDATA[03.Choosing 'Company code' field ]]>
    </line>
    <line>
      <![CDATA[04.Inserting 'Title1' field ]]>
    </line>
    <line>
      <![CDATA[04.Inserting 'Title1' field ]]>
    </line>
    <line>
      <![CDATA[05.Cliking on 'SAVE' button ]]>
    </line>
    <line>
      <![CDATA[05.Cliking on 'SAVE' button ]]>
    </line>
    <line>
      <![CDATA[06.Clicked on 'Insert' button to add new CHILD Record]]>
    </line>
    <line>
      <![CDATA[06.Clicked on 'Insert' button to add new CHILD Record]]>
    </line>
    <line>
      <![CDATA[07.Choosing 'Displine code' ]]>
    </line>
    <line>
      <![CDATA[07.Choosing 'Displine code' ]]>
    </line>
    <line>
      <![CDATA[08.Inserting 'Item No.' field ]]>
    </line>
    <line>
      <![CDATA[08.Inserting 'Item No.' field ]]>
    </line>
    <line>
      <![CDATA[09.Selecting 'Ident Code' field ]]>
    </line>
    <line>
      <![CDATA[09.Selecting 'Ident Code' field ]]>
    </line>
    <line>
      <![CDATA[10.Inserting 'PO Qty.' field ]]>
    </line>
    <line>
      <![CDATA[10.Inserting 'PO Qty.' field ]]>
    </line>
    <line>
      <![CDATA[11.Cliking on 'SAVE' button ]]>
    </line>
    <line>
      <![CDATA[11.Cliking on 'SAVE' button ]]>
    </line>
    <line>
      <![CDATA[12.Clicking on Delete button of 'Child' grid ]]>
    </line>
    <line>
      <![CDATA[12.Clicking on Delete button of 'Child' grid ]]>
    </line>
    <line>
      <![CDATA[13.Clicking on Delete button of 'Child' grid for confirmation(YES/NO) ]]>
    </line>
    <line>
      <![CDATA[13.Clicking on Delete button of 'Child' grid for confirmation(YES/NO) ]]>
    </line>
    <line>
      <![CDATA[14.Clicking on Delete button of 'Parent' grid ]]>
    </line>
    <line>
      <![CDATA[14.Clicking on Delete button of 'Parent' grid ]]>
    </line>
    <line>
      <![CDATA[15.Clicking on Delete button of 'Parent' grid for confirmation(YES/NO) ]]>
    </line>
    <line>
      <![CDATA[15.Clicking on Delete button of 'Parent' grid for confirmation(YES/NO) ]]>
    </line>
    <line>
      <![CDATA[[Test 1 steps 'ENDS'] ]]>
    </line>
    <line>
      <![CDATA[[Test 1 steps 'ENDS'] ]]>
    </line>
    <line>
      <![CDATA[************************************[ Test 1--> 'Insertion of new data' is ''PASSED'' ]************************************ ]]>
    </line>
    <line>
      <![CDATA[******[ Test 1--> 'Insertion of new data' is ''PASSED'' ]****** ]]>
    </line>
    <line>
      <![CDATA[ ]]>
    </line>
    <line>
      <![CDATA[ ]]>
    </line>
  </reporter-output>
  <suite started-at="2023-07-03T15:28:49 IST" name="Default suite" finished-at="2023-07-03T15:30:44 IST" duration-ms="114443">
    <groups>
    </groups>
    <test started-at="2023-07-03T15:28:49 IST" name="Default test" finished-at="2023-07-03T15:30:44 IST" duration-ms="114443">
      <class name="com.csm.qa.test.LoginPageTest">
        <test-method is-config="true" signature="startReport()[pri:0, instance:com.csm.qa.test.LoginPageTest@72cc7e6f]" started-at="2023-07-03T15:28:49 IST" name="startReport" finished-at="2023-07-03T15:28:50 IST" duration-ms="158" status="PASS">
          <reporter-output>
          </reporter-output>
        </test-method> <!-- startReport -->
        <test-method signature="Test6()[pri:6, instance:com.csm.qa.test.LoginPageTest@72cc7e6f]" started-at="2023-07-03T15:28:50 IST" name="Test6" finished-at="2023-07-03T15:30:44 IST" duration-ms="114092" status="PASS">
          <reporter-output>
            <line>
              <![CDATA[ ]]>
            </line>
            <line>
              <![CDATA[************************************[ Test 1--> Insertion of new data ]**************************************************** ]]>
            </line>
            <line>
              <![CDATA[******[ Test 1--> Insertion of new data ]****** ]]>
            </line>
            <line>
              <![CDATA[[Test 1 steps 'STARTS'] ]]>
            </line>
            <line>
              <![CDATA[[Test 1 steps 'STARTS'] ]]>
            </line>
            <line>
              <![CDATA[01.Clicked on 'Insert' button to add new Record]]>
            </line>
            <line>
              <![CDATA[01.Clicked on 'Insert' button to add new Record]]>
            </line>
            <line>
              <![CDATA[02.Inserting 'PO No.' field ]]>
            </line>
            <line>
              <![CDATA[02.Inserting 'PO No.' field ]]>
            </line>
            <line>
              <![CDATA[03.Choosing 'Company code' field ]]>
            </line>
            <line>
              <![CDATA[03.Choosing 'Company code' field ]]>
            </line>
            <line>
              <![CDATA[04.Inserting 'Title1' field ]]>
            </line>
            <line>
              <![CDATA[04.Inserting 'Title1' field ]]>
            </line>
            <line>
              <![CDATA[05.Cliking on 'SAVE' button ]]>
            </line>
            <line>
              <![CDATA[05.Cliking on 'SAVE' button ]]>
            </line>
            <line>
              <![CDATA[06.Clicked on 'Insert' button to add new CHILD Record]]>
            </line>
            <line>
              <![CDATA[06.Clicked on 'Insert' button to add new CHILD Record]]>
            </line>
            <line>
              <![CDATA[07.Choosing 'Displine code' ]]>
            </line>
            <line>
              <![CDATA[07.Choosing 'Displine code' ]]>
            </line>
            <line>
              <![CDATA[08.Inserting 'Item No.' field ]]>
            </line>
            <line>
              <![CDATA[08.Inserting 'Item No.' field ]]>
            </line>
            <line>
              <![CDATA[09.Selecting 'Ident Code' field ]]>
            </line>
            <line>
              <![CDATA[09.Selecting 'Ident Code' field ]]>
            </line>
            <line>
              <![CDATA[10.Inserting 'PO Qty.' field ]]>
            </line>
            <line>
              <![CDATA[10.Inserting 'PO Qty.' field ]]>
            </line>
            <line>
              <![CDATA[11.Cliking on 'SAVE' button ]]>
            </line>
            <line>
              <![CDATA[11.Cliking on 'SAVE' button ]]>
            </line>
            <line>
              <![CDATA[12.Clicking on Delete button of 'Child' grid ]]>
            </line>
            <line>
              <![CDATA[12.Clicking on Delete button of 'Child' grid ]]>
            </line>
            <line>
              <![CDATA[13.Clicking on Delete button of 'Child' grid for confirmation(YES/NO) ]]>
            </line>
            <line>
              <![CDATA[13.Clicking on Delete button of 'Child' grid for confirmation(YES/NO) ]]>
            </line>
            <line>
              <![CDATA[14.Clicking on Delete button of 'Parent' grid ]]>
            </line>
            <line>
              <![CDATA[14.Clicking on Delete button of 'Parent' grid ]]>
            </line>
            <line>
              <![CDATA[15.Clicking on Delete button of 'Parent' grid for confirmation(YES/NO) ]]>
            </line>
            <line>
              <![CDATA[15.Clicking on Delete button of 'Parent' grid for confirmation(YES/NO) ]]>
            </line>
            <line>
              <![CDATA[[Test 1 steps 'ENDS'] ]]>
            </line>
            <line>
              <![CDATA[[Test 1 steps 'ENDS'] ]]>
            </line>
            <line>
              <![CDATA[************************************[ Test 1--> 'Insertion of new data' is ''PASSED'' ]************************************ ]]>
            </line>
            <line>
              <![CDATA[******[ Test 1--> 'Insertion of new data' is ''PASSED'' ]****** ]]>
            </line>
            <line>
              <![CDATA[ ]]>
            </line>
            <line>
              <![CDATA[ ]]>
            </line>
          </reporter-output>
        </test-method> <!-- Test6 -->
        <test-method is-config="true" signature="getResult(org.testng.ITestResult)[pri:0, instance:com.csm.qa.test.LoginPageTest@72cc7e6f]" started-at="2023-07-03T15:30:44 IST" name="getResult" finished-at="2023-07-03T15:30:44 IST" duration-ms="3" status="PASS">
          <params>
            <param index="0">
              <value>
                <![CDATA[[TestResult name=Test6 status=SUCCESS method=LoginPageTest.Test6()[pri:6, instance:com.csm.qa.test.LoginPageTest@72cc7e6f]]]]>
              </value>
            </param>
          </params>
          <reporter-output>
          </reporter-output>
        </test-method> <!-- getResult -->
        <test-method is-config="true" signature="endReport()[pri:0, instance:com.csm.qa.test.LoginPageTest@72cc7e6f]" started-at="2023-07-03T15:30:44 IST" name="endReport" finished-at="2023-07-03T15:30:44 IST" duration-ms="162" status="PASS">
          <reporter-output>
          </reporter-output>
        </test-method> <!-- endReport -->
      </class> <!-- com.csm.qa.test.LoginPageTest -->
    </test> <!-- Default test -->
  </suite> <!-- Default suite -->
</testng-results>
